 
  258   18
 
    2        4.90000        0.10000
    2        4.90000        0.10000
    2        4.90000        0.10000
    2        5.40000        0.10000
    2        5.40000        0.10000
    2        5.40000        0.10000
    2        5.70000        0.10000
    2        5.70000        0.10000
    2        5.70000        0.10000
    1       25.00000        0.10000
    1       25.00000        0.10000
    1       25.00000        0.10000
    1       25.00000        0.10000
    2        6.40000        0.10000
    1       34.00000        0.10000
    1       34.00000        0.10000
    1       34.00000        0.10000
    2        7.70000        0.10000
 
-0.40257E+00-0.13914E-01 0.00000E+00-0.33302E-02-0.12334E-03
 0.00000E+00 0.00000E+00 0.00000E+00 0.00000E+00 0.00000E+00
 0.00000E+00 0.00000E+00 0.00000E+00 0.00000E+00 0.00000E+00
 0.00000E+00 0.00000E+00 0.00000E+00
-0.20675E+00-0.35677E-02 0.00000E+00-0.23695E-03-0.64383E-05
 0.00000E+00 0.00000E+00 0.00000E+00 0.00000E+00 0.00000E+00
 0.00000E+00 0.00000E+00 0.00000E+00 0.00000E+00 0.00000E+00
 0.00000E+00 0.00000E+00 0.00000E+00
-0.74481E+00-0.53103E-01 0.00000E+00-0.27286E-01-0.19754E-02
 0.00000E+00 0.00000E+00 0.00000E+00 0.00000E+00 0.00000E+00
 0.00000E+00 0.00000E+00 0.00000E+00 0.00000E+00 0.00000E+00
 0.00000E+00 0.00000E+00 0.00000E+00
-0.89450E+00-0.81283E-01 0.00000E+00-0.51353E-01-0.46714E-02
 0.00000E+00 0.00000E+00 0.00000E+00 0.00000E+00 0.00000E+00
 0.00000E+00 0.00000E+00 0.00000E+00 0.00000E+00 0.00000E+00
 0.00000E+00 0.00000E+00 0.00000E+00
-0.10294E+01-0.11468E+00 0.00000E+00-0.83240E-01-0.91341E-02
 0.00000E+00 0.00000E+00 0.00000E+00 0.00000E+00 0.00000E+00
 0.00000E+00 0.00000E+00 0.00000E+00 0.00000E+00 0.00000E+00
 0.00000E+00 0.00000E+00 0.00000E+00
-0.89558E+00-0.81522E-01 0.00000E+00-0.51572E-01-0.46997E-02
 0.00000E+00 0.00000E+00 0.00000E+00 0.00000E+00 0.00000E+00
 0.00000E+00 0.00000E+00 0.00000E+00 0.00000E+00 0.00000E+00
 0.00000E+00 0.00000E+00 0.00000E+00
-0.10297E+01-0.11478E+00 0.00000E+00-0.83346E-01-0.91513E-02
 0.00000E+00 0.00000E+00 0.00000E+00 0.00000E+00 0.00000E+00
 0.00000E+00 0.00000E+00 0.00000E+00 0.00000E+00 0.00000E+00
 0.00000E+00 0.00000E+00 0.00000E+00
-0.11421E+01-0.15136E+00 0.00000E+00-0.12699E+00-0.16562E-01
 0.00000E+00 0.00000E+00 0.00000E+00 0.00000E+00 0.00000E+00
 0.00000E+00 0.00000E+00 0.00000E+00 0.00000E+00 0.00000E+00
 0.00000E+00 0.00000E+00 0.00000E+00
-0.12332E+01-0.19048E+00 0.00000E+00-0.18346E+00-0.27908E-01
 0.00000E+00 0.00000E+00 0.00000E+00 0.00000E+00 0.00000E+00
 0.00000E+00 0.00000E+00 0.00000E+00 0.00000E+00 0.00000E+00
 0.00000E+00 0.00000E+00 0.00000E+00
-0.13023E+01-0.23093E+00 0.00000E+00-0.25294E+00-0.44150E-01
 0.00000E+00 0.00000E+00 0.00000E+00 0.00000E+00 0.00000E+00
 0.00000E+00 0.00000E+00 0.00000E+00 0.00000E+00 0.00000E+00
 0.00000E+00 0.00000E+00 0.00000E+00
-0.13500E+01-0.27176E+00 0.00000E+00-0.33498E+00-0.66172E-01
 0.00000E+00 0.00000E+00 0.00000E+00 0.00000E+00 0.00000E+00
 0.00000E+00 0.00000E+00 0.00000E+00 0.00000E+00 0.00000E+00
 0.00000E+00 0.00000E+00 0.00000E+00
-0.13738E+01-0.38617E+00 0.00000E+00-0.64759E+00-0.17533E+00
 0.00000E+00 0.00000E+00 0.00000E+00 0.00000E+00 0.00000E+00
 0.00000E+00 0.00000E+00 0.00000E+00 0.00000E+00 0.00000E+00
 0.00000E+00 0.00000E+00 0.00000E+00
-0.13403E+01-0.41661E+00 0.00000E+00-0.77567E+00-0.23066E+00
 0.00000E+00 0.00000E+00 0.00000E+00 0.00000E+00 0.00000E+00
 0.00000E+00 0.00000E+00 0.00000E+00 0.00000E+00 0.00000E+00
 0.00000E+00 0.00000E+00 0.00000E+00
-0.13739E+01-0.38622E+00 0.00000E+00-0.64771E+00-0.17537E+00
 0.00000E+00 0.00000E+00 0.00000E+00 0.00000E+00 0.00000E+00
 0.00000E+00 0.00000E+00 0.00000E+00 0.00000E+00 0.00000E+00
 0.00000E+00 0.00000E+00 0.00000E+00
-0.13401E+01-0.41669E+00 0.00000E+00-0.77608E+00-0.23085E+00
 0.00000E+00 0.00000E+00 0.00000E+00 0.00000E+00 0.00000E+00
 0.00000E+00 0.00000E+00 0.00000E+00 0.00000E+00 0.00000E+00
 0.00000E+00 0.00000E+00 0.00000E+00
-0.10432E+01-0.41802E+00 0.00000E+00-0.12887E+01-0.50624E+00
 0.00000E+00 0.00000E+00 0.00000E+00 0.00000E+00 0.00000E+00
 0.00000E+00 0.00000E+00 0.00000E+00 0.00000E+00 0.00000E+00
 0.00000E+00 0.00000E+00 0.00000E+00
-0.11729E+01-0.43449E+00 0.00000E+00-0.10979E+01-0.39455E+00
 0.00000E+00 0.00000E+00 0.00000E+00 0.00000E+00 0.00000E+00
 0.00000E+00 0.00000E+00 0.00000E+00 0.00000E+00 0.00000E+00
 0.00000E+00 0.00000E+00 0.00000E+00
-0.10432E+01-0.41801E+00 0.00000E+00-0.12887E+01-0.50626E+00
 0.00000E+00 0.00000E+00 0.00000E+00 0.00000E+00 0.00000E+00
 0.00000E+00 0.00000E+00 0.00000E+00 0.00000E+00 0.00000E+00
 0.00000E+00 0.00000E+00 0.00000E+00
-0.81694E+00-0.40707E+00 0.00000E+00-0.17937E+01-0.89483E+00
 0.00000E+00-0.11893E-02-0.66887E-03 0.00000E+00 0.00000E+00
 0.00000E+00 0.00000E+00 0.00000E+00 0.00000E+00 0.00000E+00
 0.00000E+00 0.00000E+00 0.00000E+00
-0.80865E+00-0.37812E+00 0.00000E+00-0.16358E+01-0.75727E+00
 0.00000E+00-0.29763E-03-0.14156E-03 0.00000E+00 0.00000E+00
 0.00000E+00 0.00000E+00 0.00000E+00 0.00000E+00 0.00000E+00
 0.00000E+00 0.00000E+00 0.00000E+00
-0.72553E+00-0.42321E+00 0.00000E+00-0.18404E+01-0.10620E+01
 0.00000E+00-0.13742E-01-0.80895E-02 0.00000E+00 0.00000E+00
 0.00000E+00 0.00000E+00 0.00000E+00 0.00000E+00 0.00000E+00
 0.00000E+00 0.00000E+00 0.00000E+00
-0.75299E+00-0.40810E+00 0.00000E+00-0.17796E+01-0.95524E+00
 0.00000E+00-0.50982E-02-0.27737E-02 0.00000E+00 0.00000E+00
 0.00000E+00 0.00000E+00 0.00000E+00 0.00000E+00 0.00000E+00
 0.00000E+00 0.00000E+00 0.00000E+00
-0.72541E+00-0.42325E+00 0.00000E+00-0.18406E+01-0.10624E+01
 0.00000E+00-0.13790E-01-0.81201E-02 0.00000E+00 0.00000E+00
 0.00000E+00 0.00000E+00 0.00000E+00 0.00000E+00 0.00000E+00
 0.00000E+00 0.00000E+00 0.00000E+00
-0.69662E+00-0.43409E+00 0.00000E+00-0.18929E+01-0.11762E+01
 0.00000E+00-0.26026E-01-0.16004E-01 0.00000E+00 0.00000E+00
 0.00000E+00 0.00000E+00 0.00000E+00 0.00000E+00 0.00000E+00
 0.00000E+00 0.00000E+00 0.00000E+00
-0.66696E+00-0.44308E+00 0.00000E+00-0.19298E+01-0.12877E+01
 0.00000E+00-0.48144E-01-0.32642E-01 0.00000E+00 0.00000E+00
 0.00000E+00 0.00000E+00 0.00000E+00 0.00000E+00 0.00000E+00
 0.00000E+00 0.00000E+00 0.00000E+00
-0.63789E+00-0.45084E+00 0.00000E+00-0.19599E+01-0.14029E+01
 0.00000E+00-0.71994E-01-0.52258E-01 0.00000E+00 0.00000E+00
 0.00000E+00 0.00000E+00 0.00000E+00 0.00000E+00 0.00000E+00
 0.00000E+00 0.00000E+00 0.00000E+00
-0.60696E+00-0.45032E+00 0.00000E+00-0.19749E+01-0.15180E+01
 0.00000E+00-0.10292E+00-0.80529E-01 0.00000E+00 0.00000E+00
 0.00000E+00 0.00000E+00 0.00000E+00 0.00000E+00 0.00000E+00
 0.00000E+00 0.00000E+00 0.00000E+00
-0.57875E+00-0.45188E+00 0.00000E+00-0.19771E+01-0.16291E+01
 0.00000E+00-0.14076E+00-0.11885E+00 0.00000E+00 0.00000E+00
 0.00000E+00 0.00000E+00 0.00000E+00 0.00000E+00 0.00000E+00
 0.00000E+00 0.00000E+00 0.00000E+00
-0.55212E+00-0.45235E+00 0.00000E+00-0.19670E+01-0.17377E+01
 0.00000E+00-0.18182E+00-0.16453E+00 0.00000E+00 0.00000E+00
 0.00000E+00 0.00000E+00 0.00000E+00 0.00000E+00 0.00000E+00
 0.00000E+00 0.00000E+00 0.00000E+00
-0.52744E+00-0.45319E+00 0.00000E+00-0.19467E+01-0.18407E+01
 0.00000E+00-0.22958E+00-0.22373E+00 0.00000E+00 0.00000E+00
 0.00000E+00 0.00000E+00 0.00000E+00 0.00000E+00 0.00000E+00
 0.00000E+00 0.00000E+00 0.00000E+00
-0.50228E+00-0.45393E+00 0.00000E+00-0.19127E+01-0.19328E+01
 0.00000E+00-0.27892E+00-0.29204E+00 0.00000E+00 0.00000E+00
 0.00000E+00 0.00000E+00 0.00000E+00 0.00000E+00 0.00000E+00
 0.00000E+00 0.00000E+00 0.00000E+00
-0.38289E+00-0.27583E-01 0.00000E+00-0.86513E+00-0.62263E-01
 0.00000E+00-0.47120E+00-0.33085E-01 0.00000E+00 0.28997E+00
 0.32113E-01 0.00000E+00 0.00000E+00 0.00000E+00 0.00000E+00
 0.00000E+00 0.00000E+00 0.00000E+00
-0.37842E+00-0.20048E-01 0.00000E+00-0.85246E+00-0.45209E-01
 0.00000E+00-0.46353E+00-0.24013E-01 0.00000E+00 0.30896E+00
 0.24994E-01 0.00000E+00 0.00000E+00 0.00000E+00 0.00000E+00
 0.00000E+00 0.00000E+00 0.00000E+00
-0.38293E+00-0.27587E-01 0.00000E+00-0.86522E+00-0.62270E-01
 0.00000E+00-0.47125E+00-0.33089E-01 0.00000E+00 0.29000E+00
 0.32116E-01 0.00000E+00 0.00000E+00 0.00000E+00 0.00000E+00
 0.00000E+00 0.00000E+00 0.00000E+00
-0.38939E+00-0.35779E-01 0.00000E+00-0.88353E+00-0.80936E-01
 0.00000E+00-0.48233E+00-0.43051E-01 0.00000E+00 0.27003E+00
 0.38412E-01 0.00000E+00 0.00000E+00 0.00000E+00 0.00000E+00
 0.00000E+00 0.00000E+00 0.00000E+00
-0.39886E+00-0.44888E-01 0.00000E+00-0.90761E+00-0.10185E+00
 0.00000E+00-0.49611E+00-0.53999E-01 0.00000E+00 0.24986E+00
 0.43818E-01 0.00000E+00 0.00000E+00 0.00000E+00 0.00000E+00
 0.00000E+00 0.00000E+00 0.00000E+00
-0.40995E+00-0.55549E-01 0.00000E+00-0.93489E+00-0.12437E+00
 0.00000E+00-0.51204E+00-0.65977E-01 0.00000E+00 0.23029E+00
 0.48349E-01 0.00000E+00 0.00000E+00 0.00000E+00 0.00000E+00
 0.00000E+00 0.00000E+00 0.00000E+00
-0.42111E+00-0.66947E-01 0.00000E+00-0.96521E+00-0.14955E+00
 0.00000E+00-0.52992E+00-0.79253E-01 0.00000E+00 0.21143E+00
 0.52137E-01 0.00000E+00 0.00000E+00 0.00000E+00 0.00000E+00
 0.00000E+00 0.00000E+00 0.00000E+00
-0.43288E+00-0.79536E-01 0.00000E+00-0.99837E+00-0.17742E+00
 0.00000E+00-0.54981E+00-0.93980E-01 0.00000E+00 0.19379E+00
 0.55293E-01 0.00000E+00 0.00000E+00 0.00000E+00 0.00000E+00
 0.00000E+00 0.00000E+00 0.00000E+00
-0.44241E+00-0.92818E-01 0.00000E+00-0.10266E+01-0.20426E+00
 0.00000E+00-0.56924E+00-0.11220E+00 0.00000E+00 0.17630E+00
 0.57723E-01 0.00000E+00 0.00000E+00 0.00000E+00 0.00000E+00
 0.00000E+00 0.00000E+00 0.00000E+00
-0.45411E+00-0.10820E+00 0.00000E+00-0.10517E+01-0.23572E+00
 0.00000E+00-0.59725E+00-0.13078E+00 0.00000E+00 0.16071E+00
 0.59738E-01 0.00000E+00 0.00000E+00 0.00000E+00 0.00000E+00
 0.00000E+00 0.00000E+00 0.00000E+00
-0.46248E+00-0.12326E+00 0.00000E+00-0.10829E+01-0.27035E+00
 0.00000E+00-0.62187E+00-0.15171E+00 0.00000E+00 0.14627E+00
 0.61251E-01 0.00000E+00 0.00000E+00 0.00000E+00 0.00000E+00
 0.00000E+00 0.00000E+00 0.00000E+00
-0.47122E+00-0.14094E+00 0.00000E+00-0.11163E+01-0.30756E+00
 0.00000E+00-0.64701E+00-0.17424E+00 0.00000E+00 0.13331E+00
 0.62421E-01 0.00000E+00 0.00000E+00 0.00000E+00 0.00000E+00
 0.00000E+00 0.00000E+00 0.00000E+00
-0.47636E+00-0.15831E+00 0.00000E+00-0.11422E+01-0.34614E+00
 0.00000E+00-0.66781E+00-0.19708E+00 0.00000E+00 0.12070E+00
 0.62807E-01 0.00000E+00 0.00000E+00 0.00000E+00 0.00000E+00
 0.00000E+00 0.00000E+00 0.00000E+00
-0.47112E+00-0.19661E+00 0.00000E+00-0.12205E+01-0.48524E+00
 0.00000E+00-0.74149E+00-0.28437E+00 0.00000E+00 0.87786E-01
 0.62641E-01 0.00000E+00 0.00000E+00 0.00000E+00 0.00000E+00
 0.00000E+00 0.00000E+00 0.00000E+00
-0.47546E+00-0.18587E+00 0.00000E+00-0.11986E+01-0.43664E+00
 0.00000E+00-0.71537E+00-0.25177E+00 0.00000E+00 0.98268E-01
 0.62991E-01 0.00000E+00 0.00000E+00 0.00000E+00 0.00000E+00
 0.00000E+00 0.00000E+00 0.00000E+00
-0.47121E+00-0.19665E+00 0.00000E+00-0.12208E+01-0.48535E+00
 0.00000E+00-0.74164E+00-0.28443E+00 0.00000E+00 0.87802E-01
 0.62654E-01 0.00000E+00 0.00000E+00 0.00000E+00 0.00000E+00
 0.00000E+00 0.00000E+00 0.00000E+00
-0.46748E+00-0.20794E+00 0.00000E+00-0.12354E+01-0.53251E+00
 0.00000E+00-0.77097E+00-0.32304E+00 0.00000E+00 0.77895E-01
 0.62189E-01 0.00000E+00 0.00000E+00 0.00000E+00 0.00000E+00
 0.00000E+00 0.00000E+00 0.00000E+00
-0.46345E+00-0.21956E+00 0.00000E+00-0.12498E+01-0.58120E+00
 0.00000E+00-0.79936E+00-0.36567E+00 0.00000E+00 0.68856E-01
 0.61492E-01 0.00000E+00 0.00000E+00 0.00000E+00 0.00000E+00
 0.00000E+00 0.00000E+00 0.00000E+00
-0.45873E+00-0.23044E+00 0.00000E+00-0.12640E+01-0.63299E+00
 0.00000E+00-0.82685E+00-0.41182E+00 0.00000E+00 0.60675E-01
 0.60570E-01 0.00000E+00 0.00000E+00 0.00000E+00 0.00000E+00
 0.00000E+00 0.00000E+00 0.00000E+00
-0.45635E+00-0.24782E+00 0.00000E+00-0.12733E+01-0.68436E+00
 0.00000E+00-0.84935E+00-0.45700E+00 0.00000E+00 0.53548E-01
 0.59298E-01 0.00000E+00 0.00000E+00 0.00000E+00 0.00000E+00
 0.00000E+00 0.00000E+00 0.00000E+00
-0.45299E+00-0.26346E+00 0.00000E+00-0.12852E+01-0.74241E+00
 0.00000E+00-0.87302E+00-0.50628E+00 0.00000E+00 0.47226E-01
 0.57978E-01 0.00000E+00 0.00000E+00 0.00000E+00 0.00000E+00
 0.00000E+00 0.00000E+00 0.00000E+00
-0.44769E+00-0.27754E+00 0.00000E+00-0.12935E+01-0.80298E+00
 0.00000E+00-0.89407E+00-0.55738E+00 0.00000E+00 0.41473E-01
 0.56390E-01 0.00000E+00 0.00000E+00 0.00000E+00 0.00000E+00
 0.00000E+00 0.00000E+00 0.00000E+00
-0.44102E+00-0.29021E+00 0.00000E+00-0.12962E+01-0.86126E+00
 0.00000E+00-0.91564E+00-0.61609E+00 0.00000E+00 0.36090E-01
 0.54705E-01 0.00000E+00 0.00000E+00 0.00000E+00 0.00000E+00
 0.00000E+00 0.00000E+00 0.00000E+00
-0.43477E+00-0.30578E+00 0.00000E+00-0.12960E+01-0.92016E+00
 0.00000E+00-0.93781E+00-0.67815E+00 0.00000E+00 0.31317E-01
 0.53045E-01 0.00000E+00 0.00000E+00 0.00000E+00 0.00000E+00
 0.00000E+00 0.00000E+00 0.00000E+00
-0.42650E+00-0.31441E+00 0.00000E+00-0.12941E+01-0.98837E+00
 0.00000E+00-0.96029E+00-0.74296E+00 0.00000E+00 0.26992E-01
 0.51239E-01 0.00000E+00 0.00000E+00 0.00000E+00 0.00000E+00
 0.00000E+00 0.00000E+00 0.00000E+00
-0.41835E+00-0.32405E+00 0.00000E+00-0.12874E+01-0.10512E+01
 0.00000E+00-0.98008E+00-0.81551E+00 0.00000E+00 0.22894E-01
 0.49118E-01 0.00000E+00 0.00000E+00 0.00000E+00 0.00000E+00
 0.00000E+00 0.00000E+00 0.00000E+00
-0.40987E+00-0.33333E+00 0.00000E+00-0.12782E+01-0.11150E+01
 0.00000E+00-0.99662E+00-0.89120E+00 0.00000E+00 0.19230E-01
 0.46807E-01 0.00000E+00 0.00000E+00 0.00000E+00 0.00000E+00
 0.00000E+00 0.00000E+00 0.00000E+00
-0.40250E+00-0.34258E+00 0.00000E+00-0.12713E+01-0.11880E+01
 0.00000E+00-0.10146E+01-0.97181E+00 0.00000E+00 0.16131E-01
 0.44581E-01 0.00000E+00 0.00000E+00 0.00000E+00 0.00000E+00
 0.00000E+00 0.00000E+00 0.00000E+00
-0.39492E+00-0.35314E+00 0.00000E+00-0.12590E+01-0.12500E+01
 0.00000E+00-0.10314E+01-0.10658E+01 0.00000E+00 0.13177E-01
 0.42158E-01 0.00000E+00 0.00000E+00 0.00000E+00 0.00000E+00
 0.00000E+00 0.00000E+00 0.00000E+00
-0.37350E+00-0.42301E-01 0.00000E+00-0.83954E+00-0.94011E-01
 0.00000E+00-0.45614E+00-0.49918E-01 0.00000E+00 0.36134E-01
 0.63460E-02 0.00000E+00 0.00000E+00-0.47264E+00 0.23509E+00
 0.26003E-01 0.00000E+00 0.00000E+00
-0.37049E+00-0.34056E-01 0.00000E+00-0.83421E+00-0.76369E-01
 0.00000E+00-0.45344E+00-0.40681E-01 0.00000E+00 0.36120E-01
 0.51450E-02 0.00000E+00 0.00000E+00-0.45617E+00 0.24861E+00
 0.22538E-01 0.00000E+00 0.00000E+00
-0.37353E+00-0.42303E-01 0.00000E+00-0.83959E+00-0.94017E-01
 0.00000E+00-0.45616E+00-0.49921E-01 0.00000E+00 0.36136E-01
 0.63464E-02 0.00000E+00 0.00000E+00-0.47267E+00 0.23510E+00
 0.26004E-01 0.00000E+00 0.00000E+00
-0.37678E+00-0.51100E-01 0.00000E+00-0.84681E+00-0.11281E+00
 0.00000E+00-0.45991E+00-0.59688E-01 0.00000E+00 0.36247E-01
 0.76342E-02 0.00000E+00 0.00000E+00-0.49202E+00 0.22113E+00
 0.29012E-01 0.00000E+00 0.00000E+00
-0.38028E+00-0.60533E-01 0.00000E+00-0.85515E+00-0.13282E+00
 0.00000E+00-0.46441E+00-0.70040E-01 0.00000E+00 0.36430E-01
 0.90208E-02 0.00000E+00 0.00000E+00-0.51428E+00 0.20696E+00
 0.31561E-01 0.00000E+00 0.00000E+00
-0.38382E+00-0.70631E-01 0.00000E+00-0.86411E+00-0.15410E+00
 0.00000E+00-0.46939E+00-0.81003E-01 0.00000E+00 0.36660E-01
 0.10515E-01 0.00000E+00 0.00000E+00-0.53946E+00 0.19283E+00
 0.33655E-01 0.00000E+00 0.00000E+00
-0.39558E+00-0.10640E+00 0.00000E+00-0.89354E+00-0.22661E+00
 0.00000E+00-0.48589E+00-0.11770E+00 0.00000E+00 0.37505E-01
 0.15719E-01 0.00000E+00 0.00000E+00-0.63438E+00 0.15279E+00
 0.37541E-01 0.00000E+00 0.00000E+00
-0.39077E+00-0.92592E-01 0.00000E+00-0.88283E+00-0.20141E+00
 0.00000E+00-0.47990E+00-0.10486E+00 0.00000E+00 0.37180E-01
 0.13863E-01 0.00000E+00 0.00000E+00-0.59954E+00 0.16536E+00
 0.36574E-01 0.00000E+00 0.00000E+00
-0.39476E+00-0.10619E+00 0.00000E+00-0.89168E+00-0.22616E+00
 0.00000E+00-0.48488E+00-0.11747E+00 0.00000E+00 0.37426E-01
 0.15688E-01 0.00000E+00 0.00000E+00-0.63309E+00 0.15246E+00
 0.37463E-01 0.00000E+00 0.00000E+00
-0.39754E+00-0.11971E+00 0.00000E+00-0.89987E+00-0.25297E+00
 0.00000E+00-0.48960E+00-0.13077E+00 0.00000E+00 0.37648E-01
 0.17658E-01 0.00000E+00 0.00000E+00-0.67030E+00 0.14003E+00
 0.37988E-01 0.00000E+00 0.00000E+00
-0.39940E+00-0.13396E+00 0.00000E+00-0.90653E+00-0.28097E+00
 0.00000E+00-0.49362E+00-0.14458E+00 0.00000E+00 0.37810E-01
 0.19752E-01 0.00000E+00 0.00000E+00-0.71077E+00 0.12816E+00
 0.38159E-01 0.00000E+00 0.00000E+00
-0.40092E+00-0.14914E+00 0.00000E+00-0.91273E+00-0.31083E+00
 0.00000E+00-0.49872E+00-0.15896E+00 0.00000E+00 0.37923E-01
 0.22011E-01 0.00000E+00 0.00000E+00-0.75535E+00 0.11720E+00
 0.38146E-01 0.00000E+00 0.00000E+00
-0.39088E+00-0.15448E+00 0.00000E+00-0.91108E+00-0.33630E+00
 0.00000E+00-0.50041E+00-0.17766E+00 0.00000E+00 0.37875E-01
 0.24576E-01 0.00000E+00 0.00000E+00-0.80729E+00 0.10540E+00
 0.37615E-01 0.00000E+00 0.00000E+00
-0.38437E+00-0.16253E+00 0.00000E+00-0.90220E+00-0.36258E+00
 0.00000E+00-0.50641E+00-0.19514E+00 0.00000E+00 0.37737E-01
 0.27321E-01 0.00000E+00 0.00000E+00-0.86478E+00 0.94623E-01
 0.36872E-01 0.00000E+00 0.00000E+00
-0.37738E+00-0.16993E+00 0.00000E+00-0.89366E+00-0.38781E+00
 0.00000E+00-0.50836E+00-0.21383E+00 0.00000E+00 0.37456E-01
 0.30233E-01 0.00000E+00 0.00000E+00-0.92868E+00 0.84482E-01
 0.35835E-01 0.00000E+00 0.00000E+00
-0.36905E+00-0.17627E+00 0.00000E+00-0.88377E+00-0.41283E+00
 0.00000E+00-0.50817E+00-0.23271E+00 0.00000E+00 0.36984E-01
 0.33260E-01 0.00000E+00 0.00000E+00-0.99748E+00 0.74927E-01
 0.34634E-01 0.00000E+00 0.00000E+00
-0.36128E+00-0.18249E+00 0.00000E+00-0.87252E+00-0.43764E+00
 0.00000E+00-0.50650E+00-0.25168E+00 0.00000E+00 0.36363E-01
 0.36390E-01 0.00000E+00 0.00000E+00-0.10712E+01 0.66158E-01
 0.33208E-01 0.00000E+00 0.00000E+00
-0.35630E+00-0.19448E+00 0.00000E+00-0.86157E+00-0.46353E+00
 0.00000E+00-0.50335E+00-0.26977E+00 0.00000E+00 0.35593E-01
 0.39425E-01 0.00000E+00 0.00000E+00-0.11459E+01 0.58506E-01
 0.31663E-01 0.00000E+00 0.00000E+00
-0.34994E+00-0.20330E+00 0.00000E+00-0.85125E+00-0.49290E+00
 0.00000E+00-0.49944E+00-0.28815E+00 0.00000E+00 0.34700E-01
 0.42543E-01 0.00000E+00 0.00000E+00-0.12265E+01 0.51601E-01
 0.30014E-01 0.00000E+00 0.00000E+00
-0.34283E+00-0.21244E+00 0.00000E+00-0.83617E+00-0.51736E+00
 0.00000E+00-0.49256E+00-0.30645E+00 0.00000E+00 0.33521E-01
 0.45717E-01 0.00000E+00 0.00000E+00-0.13129E+01 0.44993E-01
 0.28134E-01 0.00000E+00 0.00000E+00
-0.33459E+00-0.22118E+00 0.00000E+00-0.82211E+00-0.54091E+00
 0.00000E+00-0.48360E+00-0.32635E+00 0.00000E+00 0.32186E-01
 0.48799E-01 0.00000E+00 0.00000E+00-0.14006E+01 0.39062E-01
 0.26289E-01 0.00000E+00 0.00000E+00
-0.32692E+00-0.23027E+00 0.00000E+00-0.80488E+00-0.57327E+00
 0.00000E+00-0.47711E+00-0.33988E+00 0.00000E+00 0.30781E-01
 0.51802E-01 0.00000E+00 0.00000E+00-0.14895E+01 0.33841E-01
 0.24405E-01 0.00000E+00 0.00000E+00
-0.31968E+00-0.23617E+00 0.00000E+00-0.78956E+00-0.59729E+00
 0.00000E+00-0.46842E+00-0.36035E+00 0.00000E+00 0.29220E-01
 0.55245E-01 0.00000E+00 0.00000E+00-0.15978E+01 0.28892E-01
 0.22387E-01 0.00000E+00 0.00000E+00
-0.30996E+00-0.24073E+00 0.00000E+00-0.76681E+00-0.61833E+00
 0.00000E+00-0.45597E+00-0.37560E+00 0.00000E+00 0.28808E-01
 0.55209E-01 0.14632E-02 0.00000E+00-0.16899E+01 0.24151E-01
 0.20068E-01 0.00000E+00 0.00000E+00
-0.30158E+00-0.24514E+00 0.00000E+00-0.74627E+00-0.64094E+00
 0.00000E+00-0.44426E+00-0.39255E+00 0.00000E+00 0.29052E-01
 0.53810E-01 0.36481E-02 0.00000E+00-0.17966E+01 0.20195E-01
 0.18001E-01 0.00000E+00 0.00000E+00
-0.28174E+00-0.26587E+00-0.43303E-02-0.68442E+00-0.70819E+00
-0.30481E-03-0.40721E+00-0.44047E+00 0.00000E+00 0.29583E-01
 0.49002E-01 0.10248E-01 0.00000E+00-0.21088E+01 0.10336E-01
 0.11286E-01 0.00000E+00 0.00000E+00
-0.28170E+00-0.26409E+00-0.13079E-01-0.66782E+00-0.73121E+00
-0.45159E-02-0.39478E+00-0.45480E+00 0.00000E+00 0.29650E-01
 0.47159E-01 0.12318E-01 0.00000E+00-0.22084E+01 0.80077E-02
 0.93037E-02 0.00000E+00 0.00000E+00
-0.28181E+00-0.26594E+00-0.43337E-02-0.68459E+00-0.70838E+00
-0.30586E-03-0.40731E+00-0.44059E+00 0.00000E+00 0.29591E-01
 0.49014E-01 0.10251E-01 0.00000E+00-0.21094E+01 0.10338E-01
 0.11288E-01 0.00000E+00 0.00000E+00
-0.28193E+00-0.26430E+00-0.13098E-01-0.66835E+00-0.73182E+00
-0.45261E-02-0.39509E+00-0.45518E+00 0.00000E+00 0.29674E-01
 0.47196E-01 0.12330E-01 0.00000E+00-0.22102E+01 0.80121E-02
 0.93093E-02 0.00000E+00 0.00000E+00
-0.28205E+00-0.26212E+00-0.22594E-01-0.65810E+00-0.73536E+00
-0.15368E-01-0.38119E+00-0.47086E+00 0.78906E-10 0.29733E-01
 0.45278E-01 0.14520E-01 0.00000E+00-0.23135E+01 0.56702E-02
 0.70462E-02 0.00000E+00 0.00000E+00
-0.32993E+00-0.17849E+00 0.00000E+00-0.78375E+00-0.42372E+00
 0.00000E+00-0.43975E+00-0.23581E+00 0.00000E+00 0.29517E-01
 0.32611E-01 0.00000E+00 0.00000E+00-0.80050E+00 0.93861E-01
 0.50623E-01 0.00000E+00-0.16478E+00
-0.33855E+00-0.17071E+00 0.00000E+00-0.80658E+00-0.40588E+00
 0.00000E+00-0.45144E+00-0.22435E+00 0.00000E+00 0.31123E-01
 0.31025E-01 0.00000E+00 0.00000E+00-0.80076E+00 0.96363E-01
 0.48168E-01 0.00000E+00-0.78217E-01
-0.31196E+00-0.19342E+00 0.00000E+00-0.74454E+00-0.44801E+00
 0.00000E+00-0.41333E+00-0.26917E+00 0.00000E+00 0.26330E-01
 0.35822E-01 0.00000E+00 0.00000E+00-0.80079E+00 0.88944E-01
 0.55594E-01 0.00000E+00-0.33837E+00
-0.32095E+00-0.18646E+00 0.00000E+00-0.76322E+00-0.44268E+00
 0.00000E+00-0.42856E+00-0.24724E+00 0.00000E+00 0.27958E-01
 0.34191E-01 0.00000E+00 0.00000E+00-0.80076E+00 0.91463E-01
 0.53069E-01 0.00000E+00-0.24994E+00
-0.31185E+00-0.19336E+00 0.00000E+00-0.74429E+00-0.44786E+00
 0.00000E+00-0.41319E+00-0.26908E+00 0.00000E+00 0.26320E-01
 0.35810E-01 0.00000E+00 0.00000E+00-0.80052E+00 0.88913E-01
 0.55575E-01 0.00000E+00-0.33827E+00
-0.30295E+00-0.20011E+00 0.00000E+00-0.72306E+00-0.47175E+00
 0.00000E+00-0.40294E+00-0.27645E+00 0.00000E+00 0.24762E-01
 0.37366E-01 0.00000E+00 0.00000E+00-0.80050E+00 0.86499E-01
 0.57985E-01 0.00000E+00-0.42275E+00
-0.29420E+00-0.20668E+00 0.00000E+00-0.70056E+00-0.49900E+00
 0.00000E+00-0.39419E+00-0.28131E+00 0.00000E+00 0.23497E-01
 0.38343E-01 0.28081E-03 0.00000E+00-0.80191E+00 0.84141E-01
 0.60347E-01 0.00000E+00-0.50549E+00
-0.28507E+00-0.20886E+00 0.00000E+00-0.67915E+00-0.51706E+00
 0.00000E+00-0.38253E+00-0.29302E+00 0.00000E+00 0.23496E-01
 0.36737E-01 0.18940E-02 0.00000E+00-0.80068E+00 0.81612E-01
 0.62872E-01 0.00000E+00-0.59402E+00
-0.27638E+00-0.21417E+00 0.00000E+00-0.65849E+00-0.53321E+00
 0.00000E+00-0.37103E+00-0.30451E+00 0.00000E+00 0.23496E-01
 0.35144E-01 0.34851E-02 0.00000E+00-0.80100E+00 0.79157E-01
 0.65329E-01 0.00000E+00-0.68009E+00
-0.26803E+00-0.21780E+00 0.00000E+00-0.63779E+00-0.54949E+00
 0.00000E+00-0.35944E+00-0.31613E+00 0.00000E+00 0.23496E-01
 0.33543E-01 0.50890E-02 0.00000E+00-0.80049E+00 0.76661E-01
 0.67823E-01 0.00000E+00-0.76752E+00
-0.26005E+00-0.22114E+00 0.00000E+00-0.61751E+00-0.56557E+00
 0.00000E+00-0.34790E+00-0.32780E+00 0.00000E+00 0.23501E-01
 0.31944E-01 0.66955E-02 0.00000E+00-0.80065E+00 0.74190E-01
 0.70322E-01 0.00000E+00-0.85477E+00
-0.24970E+00-0.22988E+00-0.12985E-01-0.56770E+00-0.61021E+00
-0.65529E-02-0.31353E+00-0.36354E+00 0.00000E+00 0.23496E-01
 0.27343E-01 0.11290E-01 0.00000E+00-0.80049E+00 0.67061E-01
 0.77423E-01 0.00000E+00-0.11039E+01
-0.24970E+00-0.23039E+00-0.45984E-02-0.57884E+00-0.60111E+00
-0.60608E-03-0.32527E+00-0.35030E+00 0.00000E+00 0.23496E-01
 0.28817E-01 0.98155E-02 0.00000E+00-0.80049E+00 0.69343E-01
 0.75141E-01 0.00000E+00-0.10239E+01
-0.24971E+00-0.22990E+00-0.12987E-01-0.56773E+00-0.61025E+00
-0.65544E-02-0.31354E+00-0.36356E+00-0.38093E-08 0.23498E-01
 0.27344E-01 0.11291E-01 0.00000E+00-0.80054E+00 0.67065E-01
 0.77428E-01 0.00000E+00-0.11040E+01
-0.24980E+00-0.22798E+00-0.21461E-01-0.56793E+00-0.59226E+00
-0.20664E-01-0.29780E+00-0.38478E+00-0.13036E-07 0.23506E-01
 0.25812E-01 0.12836E-01 0.00000E+00-0.80082E+00 0.64701E-01
 0.79842E-01 0.00000E+00-0.11880E+01
-0.24970E+00-0.22537E+00-0.30348E-01-0.56770E+00-0.58111E+00
-0.42266E-01-0.28922E+00-0.39008E+00-0.66493E-05 0.23496E-01
 0.24333E-01 0.14299E-01 0.00000E+00-0.80050E+00 0.62403E-01
 0.82081E-01 0.00000E+00-0.12672E+01
-0.24972E+00-0.22242E+00-0.39649E-01-0.56775E+00-0.56968E+00
-0.66105E-01-0.28700E+00-0.38389E+00-0.46450E-02 0.23498E-01
 0.22872E-01 0.15753E-01 0.00000E+00-0.80217E+00 0.60190E-01
 0.84308E-01 0.00000E+00-0.13450E+01
-0.24970E+00-0.20696E+00-0.46563E-01-0.56770E+00-0.54947E+00
-0.86883E-01-0.28698E+00-0.37244E+00-0.16151E-01 0.23496E-01
 0.21286E-01 0.17346E-01 0.00000E+00-0.80058E+00 0.57687E-01
 0.86797E-01 0.00000E+00-0.14324E+01
-0.24970E+00-0.19654E+00-0.54642E-01-0.56771E+00-0.52656E+00
-0.10640E+00-0.28698E+00-0.36100E+00-0.27556E-01 0.23497E-01
 0.19705E-01 0.18922E-01 0.00000E+00-0.80121E+00 0.55259E-01
 0.89228E-01 0.00000E+00-0.15176E+01
-0.24970E+00-0.18550E+00-0.62015E-01-0.56770E+00-0.50353E+00
-0.12602E+00-0.28698E+00-0.34952E+00-0.39072E-01 0.23496E-01
 0.18115E-01 0.20517E-01 0.00000E+00-0.80049E+00 0.53163E-01
 0.90934E-01 0.38681E-03-0.16045E+01
-0.24978E+00-0.17475E+00-0.69166E-01-0.56789E+00-0.48084E+00
-0.14548E+00-0.28707E+00-0.33811E+00-0.50612E-01 0.23504E-01
 0.16527E-01 0.22118E-01 0.00000E+00-0.80076E+00 0.52148E-01
 0.90560E-01 0.18233E-02-0.16915E+01
-0.24970E+00-0.16413E+00-0.76020E-01-0.56770E+00-0.45807E+00
-0.16459E+00-0.28698E+00-0.32648E+00-0.62114E-01 0.23496E-01
 0.14928E-01 0.23704E-01 0.00000E+00-0.80050E+00 0.51709E-01
 0.88907E-01 0.38677E-02-0.17774E+01
-0.24970E+00-0.15785E+00-0.84325E-01-0.56770E+00-0.43795E+00
-0.18437E+00-0.28698E+00-0.31521E+00-0.73378E-01 0.23496E-01
 0.13370E-01 0.25262E-01 0.00000E+00-0.80049E+00 0.51709E-01
 0.86495E-01 0.62798E-02-0.18619E+01
-0.24971E+00-0.15134E+00-0.93608E-01-0.56772E+00-0.41980E+00
-0.20258E+00-0.28699E+00-0.30412E+00-0.85636E-01 0.23497E-01
 0.11844E-01 0.26790E-01 0.00000E+00-0.80052E+00 0.51711E-01
 0.84135E-01 0.86436E-02-0.19448E+01
-0.24971E+00-0.14429E+00-0.10235E+00-0.56772E+00-0.39964E+00
-0.21395E+00-0.28699E+00-0.29140E+00-0.10395E+00 0.23497E-01
 0.10253E-01 0.28380E-01 0.00000E+00-0.80052E+00 0.51711E-01
 0.81672E-01 0.11106E-01-0.20311E+01
-0.25059E+00-0.12380E+00-0.13003E+00-0.56973E+00-0.34660E+00
-0.28638E+00-0.28800E+00-0.26071E+00-0.12926E+00 0.23580E-01
 0.75702E-02 0.29352E-01 0.18466E-02-0.80349E+00 0.51894E-01
 0.74895E-01 0.18211E-01-0.22859E+01
-0.24972E+00-0.12973E+00-0.12009E+00-0.56775E+00-0.36369E+00
-0.26434E+00-0.28700E+00-0.27079E+00-0.11776E+00 0.23498E-01
 0.75440E-02 0.30767E-01 0.31604E-03-0.80187E+00 0.51714E-01
 0.77024E-01 0.15760E-01-0.21943E+01
-0.24970E+00-0.12335E+00-0.12959E+00-0.56770E+00-0.34533E+00
-0.28541E+00-0.28698E+00-0.25976E+00-0.12882E+00 0.23496E-01
 0.75432E-02 0.29245E-01 0.18433E-02-0.80062E+00 0.51709E-01
 0.74624E-01 0.18151E-01-0.22779E+01
-0.24970E+00-0.11697E+00-0.14082E+00-0.56770E+00-0.32775E+00
-0.30616E+00-0.28698E+00-0.24886E+00-0.13969E+00 0.23496E-01
 0.75432E-02 0.27735E-01 0.33489E-02-0.80126E+00 0.51709E-01
 0.72308E-01 0.20467E-01-0.23591E+01
-0.24970E+00-0.11008E+00-0.15145E+00-0.56770E+00-0.30976E+00
-0.32761E+00-0.28698E+00-0.23794E+00-0.15065E+00 0.23496E-01
 0.75432E-02 0.26226E-01 0.48627E-02-0.80049E+00 0.51709E-01
 0.69946E-01 0.22829E-01-0.24419E+01
-0.24970E+00-0.10297E+00-0.16237E+00-0.56770E+00-0.29150E+00
-0.34930E+00-0.28698E+00-0.22698E+00-0.16161E+00 0.23496E-01
 0.75432E-02 0.24710E-01 0.63785E-02-0.80049E+00 0.51709E-01
 0.67599E-01 0.25176E-01-0.25241E+01
-0.24970E+00-0.95609E-01-0.17352E+00-0.56770E+00-0.27304E+00
-0.37120E+00-0.28698E+00-0.21604E+00-0.17256E+00 0.23496E-01
 0.75433E-02 0.23197E-01 0.78925E-02-0.80050E+00 0.51710E-01
 0.65256E-01 0.27520E-01-0.26063E+01
-0.24970E+00-0.84966E-01-0.17811E+00-0.56770E+00-0.25217E+00
-0.39209E+00-0.28698E+00-0.20457E+00-0.18402E+00 0.23496E-01
 0.75432E-02 0.21611E-01 0.94776E-02-0.80049E+00 0.51709E-01
 0.62801E-01 0.29973E-01-0.26922E+01
-0.24970E+00-0.75672E-01-0.18590E+00-0.56771E+00-0.23112E+00
-0.41083E+00-0.28698E+00-0.19324E+00-0.19535E+00 0.23496E-01
 0.75433E-02 0.20044E-01 0.11046E-01-0.80051E+00 0.51710E-01
 0.60375E-01 0.32401E-01-0.27773E+01
-0.24971E+00-0.66380E-01-0.19256E+00-0.56771E+00-0.20986E+00
-0.42964E+00-0.28698E+00-0.18180E+00-0.20680E+00 0.23497E-01
 0.75434E-02 0.18461E-01 0.12628E-01-0.80051E+00 0.51711E-01
 0.57925E-01 0.34852E-01-0.28632E+01
-0.24982E+00-0.40211E-01-0.21340E+00-0.56798E+00-0.14733E+00
-0.48653E+00-0.28712E+00-0.14764E+00-0.24114E+00 0.23508E-01
 0.75469E-02 0.13733E-01 0.17371E-01-0.80089E+00 0.51735E-01
 0.50619E-01 0.42201E-01-0.31215E+01
-0.24984E+00-0.48344E-01-0.20546E+00-0.56801E+00-0.16789E+00
-0.46703E+00-0.28713E+00-0.15900E+00-0.22980E+00 0.23509E-01
 0.75474E-02 0.15303E-01 0.15803E-01-0.80094E+00 0.51738E-01
 0.53052E-01 0.39774E-01-0.30366E+01
-0.24970E+00-0.40189E-01-0.21330E+00-0.56770E+00-0.14725E+00
-0.48630E+00-0.28698E+00-0.14757E+00-0.24102E+00 0.23496E-01
 0.75432E-02 0.13726E-01 0.17363E-01-0.80049E+00 0.51709E-01
 0.50593E-01 0.42181E-01-0.31200E+01
-0.24970E+00-0.31755E-01-0.22284E+00-0.56770E+00-0.12760E+00
-0.50595E+00-0.28698E+00-0.13642E+00-0.25217E+00 0.23496E-01
 0.75432E-02 0.12184E-01 0.18905E-01-0.80049E+00 0.51709E-01
 0.48206E-01 0.44569E-01-0.32037E+01
 0.00000E+00-0.35274E+00-0.98051E+00 0.00000E+00-0.46172E+00
-0.12624E+01 0.00000E+00 0.00000E+00 0.00000E+00 0.00000E+00
 0.00000E+00 0.00000E+00 0.00000E+00 0.00000E+00 0.00000E+00
 0.00000E+00 0.00000E+00 0.00000E+00
 0.00000E+00-0.35880E+00-0.10877E+01 0.00000E+00-0.36379E+00
-0.10833E+01 0.00000E+00 0.00000E+00 0.00000E+00 0.00000E+00
 0.00000E+00 0.00000E+00 0.00000E+00 0.00000E+00 0.00000E+00
 0.00000E+00 0.00000E+00 0.00000E+00
 0.00000E+00-0.35586E+00-0.11790E+01 0.00000E+00-0.27989E+00
-0.91211E+00 0.00000E+00 0.00000E+00 0.00000E+00 0.00000E+00
 0.00000E+00 0.00000E+00 0.00000E+00 0.00000E+00 0.00000E+00
 0.00000E+00 0.00000E+00 0.00000E+00
 0.00000E+00-0.34329E+00-0.12491E+01 0.00000E+00-0.21020E+00
-0.75321E+00 0.00000E+00 0.00000E+00 0.00000E+00 0.00000E+00
 0.00000E+00 0.00000E+00 0.00000E+00 0.00000E+00 0.00000E+00
 0.00000E+00 0.00000E+00 0.00000E+00
 0.00000E+00-0.32280E+00-0.12969E+01 0.00000E+00-0.15325E+00
-0.60749E+00 0.00000E+00 0.00000E+00 0.00000E+00 0.00000E+00
 0.00000E+00 0.00000E+00 0.00000E+00 0.00000E+00 0.00000E+00
 0.00000E+00 0.00000E+00 0.00000E+00
 0.00000E+00-0.29647E+00-0.13226E+01 0.00000E+00-0.10725E+00
-0.47485E+00 0.00000E+00 0.00000E+00 0.00000E+00 0.00000E+00
 0.00000E+00 0.00000E+00 0.00000E+00 0.00000E+00 0.00000E+00
 0.00000E+00 0.00000E+00 0.00000E+00
 0.00000E+00-0.26633E+00-0.13267E+01 0.00000E+00-0.70558E-01
-0.35507E+00 0.00000E+00 0.00000E+00 0.00000E+00 0.00000E+00
 0.00000E+00 0.00000E+00 0.00000E+00 0.00000E+00 0.00000E+00
 0.00000E+00 0.00000E+00 0.00000E+00
 0.00000E+00-0.22731E+00-0.12848E+01 0.00000E+00-0.47102E-01
-0.26808E+00 0.00000E+00 0.00000E+00 0.00000E+00 0.00000E+00
 0.00000E+00 0.00000E+00 0.00000E+00 0.00000E+00 0.00000E+00
 0.00000E+00 0.00000E+00 0.00000E+00
 0.00000E+00-0.18824E+00-0.12211E+01 0.00000E+00-0.29637E-01
-0.19372E+00 0.00000E+00 0.00000E+00 0.00000E+00 0.00000E+00
 0.00000E+00 0.00000E+00 0.00000E+00 0.00000E+00 0.00000E+00
 0.00000E+00 0.00000E+00 0.00000E+00
 0.00000E+00-0.15010E+00-0.11342E+01 0.00000E+00-0.17522E-01
-0.13364E+00 0.00000E+00 0.00000E+00 0.00000E+00 0.00000E+00
 0.00000E+00 0.00000E+00 0.00000E+00 0.00000E+00 0.00000E+00
 0.00000E+00 0.00000E+00 0.00000E+00
 0.00000E+00-0.11410E+00-0.10248E+01 0.00000E+00-0.96322E-02
-0.87326E-01 0.00000E+00 0.00000E+00 0.00000E+00 0.00000E+00
 0.00000E+00 0.00000E+00 0.00000E+00 0.00000E+00 0.00000E+00
 0.00000E+00 0.00000E+00 0.00000E+00
 0.00000E+00-0.81259E-01-0.89317E+00 0.00000E+00-0.49191E-02
-0.53780E-01 0.00000E+00 0.00000E+00 0.00000E+00 0.00000E+00
 0.00000E+00 0.00000E+00 0.00000E+00 0.00000E+00 0.00000E+00
 0.00000E+00 0.00000E+00 0.00000E+00
 0.00000E+00-0.53175E-01-0.74475E+00 0.00000E+00-0.20788E-02
-0.28554E-01 0.00000E+00 0.00000E+00 0.00000E+00 0.00000E+00
 0.00000E+00 0.00000E+00 0.00000E+00 0.00000E+00 0.00000E+00
 0.00000E+00 0.00000E+00 0.00000E+00
 0.00000E+00-0.30472E-01-0.57951E+00 0.00000E+00-0.65404E-03
-0.12043E-01 0.00000E+00 0.00000E+00 0.00000E+00 0.00000E+00
 0.00000E+00 0.00000E+00 0.00000E+00 0.00000E+00 0.00000E+00
 0.00000E+00 0.00000E+00 0.00000E+00
 0.00000E+00-0.53130E-01-0.74447E+00 0.00000E+00-0.20749E-02
-0.28516E-01 0.00000E+00 0.00000E+00 0.00000E+00 0.00000E+00
 0.00000E+00 0.00000E+00 0.00000E+00 0.00000E+00 0.00000E+00
 0.00000E+00 0.00000E+00 0.00000E+00
 0.00000E+00-0.30431E-01-0.57908E+00 0.00000E+00-0.65269E-03
-0.12021E-01 0.00000E+00 0.00000E+00 0.00000E+00 0.00000E+00
 0.00000E+00 0.00000E+00 0.00000E+00 0.00000E+00 0.00000E+00
 0.00000E+00 0.00000E+00 0.00000E+00
 0.00000E+00-0.13641E-01-0.39701E+00 0.00000E+00-0.12339E-03
-0.33432E-02 0.00000E+00 0.00000E+00 0.00000E+00 0.00000E+00
 0.00000E+00 0.00000E+00 0.00000E+00 0.00000E+00 0.00000E+00
 0.00000E+00 0.00000E+00 0.00000E+00
 0.00000E+00-0.45172E+00-0.49793E+00 0.00000E+00-0.19320E+01
-0.19117E+01 0.00000E+00-0.29387E+00-0.28309E+00 0.00000E+00
 0.00000E+00 0.00000E+00 0.00000E+00 0.00000E+00 0.00000E+00
 0.00000E+00 0.00000E+00 0.00000E+00
 0.00000E+00-0.45399E+00-0.52407E+00 0.00000E+00-0.18428E+01
-0.19498E+01 0.00000E+00-0.22414E+00-0.23249E+00 0.00000E+00
 0.00000E+00 0.00000E+00 0.00000E+00 0.00000E+00 0.00000E+00
 0.00000E+00 0.00000E+00 0.00000E+00
 0.00000E+00-0.45395E+00-0.54865E+00 0.00000E+00-0.17354E+01
-0.19664E+01 0.00000E+00-0.16569E+00-0.18504E+00 0.00000E+00
 0.00000E+00 0.00000E+00 0.00000E+00 0.00000E+00 0.00000E+00
 0.00000E+00 0.00000E+00 0.00000E+00
 0.00000E+00-0.45279E+00-0.52272E+00 0.00000E+00-0.18378E+01
-0.19447E+01 0.00000E+00-0.22346E+00-0.23180E+00 0.00000E+00
 0.00000E+00 0.00000E+00 0.00000E+00 0.00000E+00 0.00000E+00
 0.00000E+00 0.00000E+00 0.00000E+00
 0.00000E+00-0.45423E+00-0.54902E+00 0.00000E+00-0.17363E+01
-0.19677E+01 0.00000E+00-0.16572E+00-0.18509E+00 0.00000E+00
 0.00000E+00 0.00000E+00 0.00000E+00 0.00000E+00 0.00000E+00
 0.00000E+00 0.00000E+00 0.00000E+00
 0.00000E+00-0.45474E+00-0.57533E+00 0.00000E+00-0.16256E+01
-0.19757E+01 0.00000E+00-0.12079E+00-0.14446E+00 0.00000E+00
 0.00000E+00 0.00000E+00 0.00000E+00 0.00000E+00 0.00000E+00
 0.00000E+00 0.00000E+00 0.00000E+00
 0.00000E+00-0.44364E+00-0.65993E+00 0.00000E+00-0.12825E+01
-0.19277E+01 0.00000E+00-0.37956E-01-0.55882E-01 0.00000E+00
 0.00000E+00 0.00000E+00 0.00000E+00 0.00000E+00 0.00000E+00
 0.00000E+00 0.00000E+00 0.00000E+00
 0.00000E+00-0.46348E+00-0.63633E+00 0.00000E+00-0.13888E+01
-0.19538E+01 0.00000E+00-0.56672E-01-0.78092E-01 0.00000E+00
 0.00000E+00 0.00000E+00 0.00000E+00 0.00000E+00 0.00000E+00
 0.00000E+00 0.00000E+00 0.00000E+00
 0.00000E+00-0.40643E+00-0.70590E+00 0.00000E+00-0.10708E+01
-0.18468E+01 0.00000E+00-0.13813E-01-0.23100E-01 0.00000E+00
 0.00000E+00 0.00000E+00 0.00000E+00 0.00000E+00 0.00000E+00
 0.00000E+00 0.00000E+00 0.00000E+00
 0.00000E+00-0.42564E+00-0.68388E+00 0.00000E+00-0.11745E+01
-0.18903E+01 0.00000E+00-0.24894E-01-0.38676E-01 0.00000E+00
 0.00000E+00 0.00000E+00 0.00000E+00 0.00000E+00 0.00000E+00
 0.00000E+00 0.00000E+00 0.00000E+00
 0.00000E+00-0.36404E+00-0.74624E+00 0.00000E+00-0.87182E+00
-0.17309E+01 0.00000E+00-0.29106E-02-0.54878E-02 0.00000E+00
 0.00000E+00 0.00000E+00 0.00000E+00 0.00000E+00 0.00000E+00
 0.00000E+00 0.00000E+00 0.00000E+00
 0.00000E+00-0.34989E+00-0.77210E+00 0.00000E+00-0.77331E+00
-0.16574E+01 0.00000E+00-0.87154E-03-0.15946E-02 0.00000E+00
 0.00000E+00 0.00000E+00 0.00000E+00 0.00000E+00 0.00000E+00
 0.00000E+00 0.00000E+00 0.00000E+00
 0.00000E+00-0.36392E+00-0.74639E+00 0.00000E+00-0.87116E+00
-0.17305E+01 0.00000E+00-0.28896E-02-0.54510E-02 0.00000E+00
 0.00000E+00 0.00000E+00 0.00000E+00 0.00000E+00 0.00000E+00
 0.00000E+00 0.00000E+00 0.00000E+00
 0.00000E+00-0.32027E+00-0.81469E+00 0.00000E+00-0.60081E+00
-0.14961E+01 0.00000E+00-0.20606E-05-0.46961E-05 0.00000E+00
 0.00000E+00 0.00000E+00 0.00000E+00 0.00000E+00 0.00000E+00
 0.00000E+00 0.00000E+00 0.00000E+00
 0.00000E+00-0.35162E+00-0.39214E+00 0.00000E+00-0.12509E+01
-0.12562E+01 0.00000E+00-0.10656E+01-0.10355E+01 0.00000E+00
 0.00000E+00 0.41937E-01 0.13218E-01 0.00000E+00 0.00000E+00
 0.00000E+00 0.00000E+00 0.00000E+00
 0.00000E+00-0.34342E+00-0.40011E+00 0.00000E+00-0.11902E+01
-0.12700E+01 0.00000E+00-0.97035E+00-0.10185E+01 0.00000E+00
 0.00000E+00 0.44419E-01 0.16242E-01 0.00000E+00 0.00000E+00
 0.00000E+00 0.00000E+00 0.00000E+00
 0.00000E+00-0.34982E+00-0.39020E+00 0.00000E+00-0.12445E+01
-0.12500E+01 0.00000E+00-0.10600E+01-0.10303E+01 0.00000E+00
 0.00000E+00 0.41734E-01 0.13158E-01 0.00000E+00 0.00000E+00
 0.00000E+00 0.00000E+00 0.00000E+00
 0.00000E+00-0.32833E+00-0.41641E+00 0.00000E+00-0.10535E+01
-0.12864E+01 0.00000E+00-0.81093E+00-0.98240E+00 0.00000E+00
 0.00000E+00 0.48997E-01 0.23151E-01 0.00000E+00 0.00000E+00
 0.00000E+00 0.00000E+00 0.00000E+00
 0.00000E+00-0.32115E+00-0.42537E+00 0.00000E+00-0.98837E+00
-0.12925E+01 0.00000E+00-0.73872E+00-0.96196E+00 0.00000E+00
 0.00000E+00 0.51084E-01 0.27254E-01 0.00000E+00 0.00000E+00
 0.00000E+00 0.00000E+00 0.00000E+00
 0.00000E+00-0.32810E+00-0.41613E+00 0.00000E+00-0.10528E+01
-0.12855E+01 0.00000E+00-0.81035E+00-0.98173E+00 0.00000E+00
 0.00000E+00 0.48964E-01 0.23136E-01 0.00000E+00 0.00000E+00
 0.00000E+00 0.00000E+00 0.00000E+00
 0.00000E+00-0.29635E+00-0.44084E+00 0.00000E+00-0.85622E+00
-0.12920E+01 0.00000E+00-0.61682E+00-0.91904E+00 0.00000E+00
 0.00000E+00 0.54428E-01 0.36034E-01 0.00000E+00 0.00000E+00
 0.00000E+00 0.00000E+00 0.00000E+00
 0.00000E+00-0.27673E+00-0.44558E+00 0.00000E+00-0.79774E+00
-0.12879E+01 0.00000E+00-0.56212E+00-0.89876E+00 0.00000E+00
 0.00000E+00 0.55969E-01 0.40979E-01 0.00000E+00 0.00000E+00
 0.00000E+00 0.00000E+00 0.00000E+00
 0.00000E+00-0.25731E+00-0.44879E+00 0.00000E+00-0.73636E+00
-0.12778E+01 0.00000E+00-0.51438E+00-0.87926E+00 0.00000E+00
 0.00000E+00 0.57465E-01 0.46244E-01 0.00000E+00 0.00000E+00
 0.00000E+00 0.00000E+00 0.00000E+00
 0.00000E+00-0.23774E+00-0.45013E+00 0.00000E+00-0.67753E+00
-0.12643E+01 0.00000E+00-0.46799E+00-0.85747E+00 0.00000E+00
 0.00000E+00 0.58752E-01 0.52039E-01 0.00000E+00 0.00000E+00
 0.00000E+00 0.00000E+00 0.00000E+00
 0.00000E+00-0.21740E+00-0.44978E+00 0.00000E+00-0.62361E+00
-0.12507E+01 0.00000E+00-0.42417E+00-0.83529E+00 0.00000E+00
 0.00000E+00 0.59923E-01 0.58500E-01 0.00000E+00 0.00000E+00
 0.00000E+00 0.00000E+00 0.00000E+00
 0.00000E+00-0.20340E+00-0.45168E+00 0.00000E+00-0.57105E+00
-0.12347E+01 0.00000E+00-0.38043E+00-0.81044E+00 0.00000E+00
 0.00000E+00 0.60917E-01 0.65967E-01 0.00000E+00 0.00000E+00
 0.00000E+00 0.00000E+00 0.00000E+00
 0.00000E+00-0.18913E+00-0.45337E+00 0.00000E+00-0.52305E+00
-0.12198E+01 0.00000E+00-0.34036E+00-0.78634E+00 0.00000E+00
 0.00000E+00 0.61802E-01 0.74292E-01 0.00000E+00 0.00000E+00
 0.00000E+00 0.00000E+00 0.00000E+00
 0.00000E+00-0.17469E+00-0.45207E+00 0.00000E+00-0.47534E+00
-0.11997E+01 0.00000E+00-0.30113E+00-0.75717E+00 0.00000E+00
 0.00000E+00 0.62257E-01 0.83247E-01 0.00000E+00 0.00000E+00
 0.00000E+00 0.00000E+00 0.00000E+00
 0.00000E+00-0.16091E+00-0.45070E+00 0.00000E+00-0.42833E+00
-0.11782E+01 0.00000E+00-0.26721E+00-0.72934E+00 0.00000E+00
 0.00000E+00 0.62579E-01 0.92994E-01 0.00000E+00 0.00000E+00
 0.00000E+00 0.00000E+00 0.00000E+00
 0.00000E+00-0.14786E+00-0.45033E+00 0.00000E+00-0.38627E+00
-0.11591E+01 0.00000E+00-0.23820E+00-0.70879E+00 0.00000E+00
 0.00000E+00 0.63176E-01 0.10417E+00 0.00000E+00 0.00000E+00
 0.00000E+00 0.00000E+00 0.00000E+00
 0.00000E+00-0.13448E+00-0.44546E+00 0.00000E+00-0.34284E+00
-0.11269E+01 0.00000E+00-0.20845E+00-0.68026E+00 0.00000E+00
 0.00000E+00 0.62775E-01 0.11546E+00 0.00000E+00 0.00000E+00
 0.00000E+00 0.00000E+00 0.00000E+00
 0.00000E+00-0.12279E+00-0.44299E+00 0.00000E+00-0.30371E+00
-0.10989E+01 0.00000E+00-0.18163E+00-0.65449E+00 0.00000E+00
 0.00000E+00 0.62260E-01 0.12847E+00 0.00000E+00 0.00000E+00
 0.00000E+00 0.00000E+00 0.00000E+00
 0.00000E+00-0.13438E+00-0.44515E+00 0.00000E+00-0.34259E+00
-0.11261E+01 0.00000E+00-0.20829E+00-0.67978E+00 0.00000E+00
 0.00000E+00 0.62731E-01 0.11538E+00 0.00000E+00 0.00000E+00
 0.00000E+00 0.00000E+00 0.00000E+00
 0.00000E+00-0.99714E-01-0.43604E+00 0.00000E+00-0.23439E+00
-0.10428E+01 0.00000E+00-0.13401E+00-0.60201E+00 0.00000E+00
 0.00000E+00 0.59792E-01 0.15803E+00 0.00000E+00 0.00000E+00
 0.00000E+00 0.00000E+00 0.00000E+00
 0.00000E+00-0.88985E-01-0.43240E+00 0.00000E+00-0.20387E+00
-0.10161E+01 0.00000E+00-0.11301E+00-0.57510E+00 0.00000E+00
 0.00000E+00 0.57772E-01 0.17463E+00 0.00000E+00 0.00000E+00
 0.00000E+00 0.00000E+00 0.00000E+00
 0.00000E+00-0.99698E-01-0.43598E+00 0.00000E+00-0.23435E+00
-0.10427E+01 0.00000E+00-0.13398E+00-0.60192E+00 0.00000E+00
 0.00000E+00 0.59784E-01 0.15801E+00 0.00000E+00 0.00000E+00
 0.00000E+00 0.00000E+00 0.00000E+00
 0.00000E+00-0.64551E-01-0.41253E+00 0.00000E+00-0.14881E+00
-0.95927E+00 0.00000E+00-0.80094E-01-0.53208E+00 0.00000E+00
 0.00000E+00 0.52233E-01 0.21032E+00 0.00000E+00 0.00000E+00
 0.00000E+00 0.00000E+00 0.00000E+00
 0.00000E+00-0.53676E-01-0.40170E+00 0.00000E+00-0.12367E+00
-0.92864E+00 0.00000E+00-0.66540E-01-0.51350E+00 0.00000E+00
 0.00000E+00 0.48432E-01 0.22927E+00 0.00000E+00 0.00000E+00
 0.00000E+00 0.00000E+00 0.00000E+00
 0.00000E+00-0.43550E-01-0.39123E+00 0.00000E+00-0.10119E+00
-0.90142E+00 0.00000E+00-0.54361E-01-0.49714E+00 0.00000E+00
 0.00000E+00 0.43895E-01 0.24906E+00 0.00000E+00 0.00000E+00
 0.00000E+00 0.00000E+00 0.00000E+00
 0.00000E+00-0.53636E-01-0.40143E+00 0.00000E+00-0.12358E+00
-0.92800E+00 0.00000E+00-0.66491E-01-0.51315E+00 0.00000E+00
 0.00000E+00 0.48398E-01 0.22912E+00 0.00000E+00 0.00000E+00
 0.00000E+00 0.00000E+00 0.00000E+00
 0.00000E+00-0.26894E-01-0.37632E+00 0.00000E+00-0.61891E-01
-0.85950E+00 0.00000E+00-0.33216E-01-0.47163E+00 0.00000E+00
 0.00000E+00 0.32171E-01 0.28957E+00 0.00000E+00 0.00000E+00
 0.00000E+00 0.00000E+00 0.00000E+00
 0.00000E+00-0.19615E-01-0.37246E+00 0.00000E+00-0.44945E-01
-0.84721E+00 0.00000E+00-0.24075E-01-0.46375E+00 0.00000E+00
 0.00000E+00 0.25032E-01 0.30874E+00 0.00000E+00 0.00000E+00
 0.00000E+00 0.00000E+00 0.00000E+00
 0.00000E+00-0.26892E-01-0.37630E+00 0.00000E+00-0.61887E-01
-0.85946E+00 0.00000E+00-0.33214E-01-0.47160E+00 0.00000E+00
 0.00000E+00 0.32169E-01 0.28956E+00 0.00000E+00 0.00000E+00
 0.00000E+00 0.00000E+00 0.00000E+00
-0.22226E-01-0.25614E+00-0.27971E+00-0.15609E-01-0.73045E+00
-0.65463E+00 0.36877E-08-0.47089E+00-0.38093E+00 0.00000E+00
 0.14606E-01 0.45128E-01 0.29787E-01-0.23199E+01 0.00000E+00
 0.68813E-02 0.55327E-02 0.00000E+00
-0.31846E-01-0.25207E+00-0.27988E+00-0.33352E-01-0.72306E+00
-0.65062E+00 0.15335E-07-0.48471E+00-0.36763E+00 0.00000E+00
 0.16767E-01 0.43109E-01 0.29846E-01-0.24241E+01 0.00000E+00
 0.46466E-02 0.35069E-02 0.00000E+00
-0.22222E-01-0.25611E+00-0.27968E+00-0.15606E-01-0.73038E+00
-0.65457E+00 0.00000E+00-0.47084E+00-0.38090E+00 0.00000E+00
 0.14605E-01 0.45124E-01 0.29784E-01-0.23197E+01 0.00000E+00
 0.68809E-02 0.55324E-02 0.00000E+00
-0.12972E-01-0.25975E+00-0.27944E+00-0.45822E-02-0.72855E+00
-0.66453E+00 0.00000E+00-0.45485E+00-0.39485E+00 0.00000E+00
 0.12374E-01 0.47063E-01 0.29712E-01-0.22137E+01 0.00000E+00
 0.91729E-02 0.78950E-02 0.00000E+00
 0.00000E+00-0.25060E+00-0.29108E+00 0.00000E+00-0.66406E+00
-0.72286E+00 0.00000E+00-0.40867E+00-0.43262E+00 0.00000E+00
 0.58287E-02 0.52330E-01 0.29313E-01-0.19025E+01 0.00000E+00
 0.15699E-01 0.16439E-01 0.00000E+00
 0.00000E+00-0.24772E+00-0.29959E+00 0.00000E+00-0.64340E+00
-0.74445E+00 0.00000E+00-0.39176E+00-0.44504E+00 0.00000E+00
 0.35805E-02 0.53822E-01 0.29106E-01-0.17959E+01 0.00000E+00
 0.17975E-01 0.20240E-01 0.00000E+00
 0.00000E+00-0.25067E+00-0.29117E+00 0.00000E+00-0.66424E+00
-0.72308E+00 0.00000E+00-0.40878E+00-0.43275E+00 0.00000E+00
 0.58293E-02 0.52346E-01 0.29321E-01-0.19030E+01 0.00000E+00
 0.15704E-01 0.16445E-01 0.00000E+00
 0.00000E+00-0.24087E+00-0.31800E+00 0.00000E+00-0.60051E+00
-0.78781E+00 0.00000E+00-0.35870E+00-0.46874E+00 0.00000E+00
 0.00000E+00 0.54974E-01 0.29334E-01-0.15925E+01 0.00000E+00
 0.22370E-01 0.29023E-01 0.00000E+00
 0.00000E+00-0.24498E+00-0.30836E+00 0.00000E+00-0.62176E+00
-0.76575E+00 0.00000E+00-0.37460E+00-0.45695E+00 0.00000E+00
 0.00000E+00 0.55237E-01 0.28861E-01-0.16882E+01 0.00000E+00
 0.20079E-01 0.24281E-01 0.00000E+00
 0.00000E+00-0.22426E+00-0.33352E+00 0.00000E+00-0.53966E+00
-0.81914E+00 0.00000E+00-0.32601E+00-0.48411E+00 0.00000E+00
 0.00000E+00 0.48759E-01 0.32260E-01-0.14024E+01 0.00000E+00
 0.26199E-01 0.39007E-01 0.00000E+00
 0.00000E+00-0.21065E+00-0.34028E+00 0.00000E+00-0.51317E+00
-0.83096E+00 0.00000E+00-0.30692E+00-0.49273E+00 0.00000E+00
 0.00000E+00 0.45826E-01 0.33531E-01-0.13189E+01 0.00000E+00
 0.27961E-01 0.44653E-01 0.00000E+00
 0.00000E+00-0.19774E+00-0.34564E+00 0.00000E+00-0.48587E+00
-0.84362E+00 0.00000E+00-0.28937E+00-0.49934E+00 0.00000E+00
 0.00000E+00 0.42769E-01 0.34670E-01-0.12349E+01 0.00000E+00
 0.29752E-01 0.50936E-01 0.00000E+00
 0.00000E+00-0.21049E+00-0.34004E+00 0.00000E+00-0.51280E+00
-0.83038E+00 0.00000E+00-0.30669E+00-0.49238E+00 0.00000E+00
 0.00000E+00 0.45793E-01 0.33508E-01-0.13180E+01 0.00000E+00
 0.27942E-01 0.44624E-01 0.00000E+00
 0.00000E+00-0.19756E+00-0.34534E+00 0.00000E+00-0.48543E+00
-0.84289E+00 0.00000E+00-0.28911E+00-0.49891E+00 0.00000E+00
 0.00000E+00 0.42731E-01 0.34640E-01-0.12338E+01 0.00000E+00
 0.29727E-01 0.50895E-01 0.00000E+00
 0.00000E+00-0.16059E+00-0.35743E+00 0.00000E+00-0.39960E+00
-0.86742E+00 0.00000E+00-0.23664E+00-0.50852E+00 0.00000E+00
 0.00000E+00 0.33913E-01 0.36936E-01-0.10145E+01 0.00000E+00
 0.34241E-01 0.72878E-01 0.00000E+00
 0.00000E+00-0.15096E+00-0.36198E+00 0.00000E+00-0.37303E+00
-0.87324E+00 0.00000E+00-0.21850E+00-0.50888E+00 0.00000E+00
 0.00000E+00 0.30983E-01 0.37403E-01-0.94749E+00 0.00000E+00
 0.35439E-01 0.81844E-01 0.00000E+00
 0.00000E+00-0.14127E+00-0.36528E+00 0.00000E+00-0.34680E+00
-0.87823E+00 0.00000E+00-0.20064E+00-0.50771E+00 0.00000E+00
 0.00000E+00 0.28176E-01 0.37731E-01-0.88462E+00 0.00000E+00
 0.36474E-01 0.91356E-01 0.00000E+00
 0.00000E+00-0.13073E+00-0.36759E+00 0.00000E+00-0.32162E+00
-0.88178E+00 0.00000E+00-0.18289E+00-0.50471E+00 0.00000E+00
 0.00000E+00 0.25470E-01 0.37904E-01-0.82698E+00 0.00000E+00
 0.37315E-01 0.10165E+00 0.00000E+00
 0.00000E+00-0.12127E+00-0.36920E+00 0.00000E+00-0.29616E+00
-0.88452E+00 0.00000E+00-0.16533E+00-0.49953E+00 0.00000E+00
 0.00000E+00 0.22869E-01 0.37945E-01-0.77343E+00 0.00000E+00
 0.37864E-01 0.11274E+00 0.00000E+00
 0.00000E+00-0.13070E+00-0.36750E+00 0.00000E+00-0.32154E+00
-0.88156E+00 0.00000E+00-0.18284E+00-0.50458E+00 0.00000E+00
 0.00000E+00 0.25463E-01 0.37895E-01-0.82677E+00 0.00000E+00
 0.37306E-01 0.10162E+00 0.00000E+00
 0.00000E+00-0.10365E+00-0.37360E+00 0.00000E+00-0.24584E+00
-0.88090E+00 0.00000E+00-0.13399E+00-0.49134E+00 0.00000E+00
 0.00000E+00 0.18147E-01 0.37765E-01-0.68075E+00 0.00000E+00
 0.37990E-01 0.13711E+00 0.00000E+00
 0.00000E+00-0.94730E-01-0.37474E+00 0.00000E+00-0.22117E+00
-0.87626E+00 0.00000E+00-0.11961E+00-0.48615E+00 0.00000E+00
 0.00000E+00 0.16008E-01 0.37515E-01-0.63986E+00 0.00000E+00
 0.37496E-01 0.15019E+00 0.00000E+00
 0.00000E+00-0.85135E-01-0.37508E+00 0.00000E+00-0.19819E+00
-0.87148E+00 0.00000E+00-0.10614E+00-0.48082E+00 0.00000E+00
 0.00000E+00 0.14050E-01 0.37249E-01-0.60362E+00 0.00000E+00
 0.36604E-01 0.16381E+00 0.00000E+00
 0.00000E+00-0.94757E-01-0.37486E+00 0.00000E+00-0.22124E+00
-0.87654E+00 0.00000E+00-0.11965E+00-0.48630E+00 0.00000E+00
 0.00000E+00 0.16012E-01 0.37527E-01-0.64006E+00 0.00000E+00
 0.37508E-01 0.15025E+00 0.00000E+00
 0.00000E+00-0.85146E-01-0.37513E+00 0.00000E+00-0.19821E+00
-0.87160E+00 0.00000E+00-0.10615E+00-0.48089E+00 0.00000E+00
 0.00000E+00 0.14052E-01 0.37254E-01-0.60370E+00 0.00000E+00
 0.36609E-01 0.16384E+00 0.00000E+00
 0.00000E+00-0.77763E-01-0.37767E+00 0.00000E+00-0.17462E+00
-0.86480E+00 0.00000E+00-0.93265E-01-0.47529E+00 0.00000E+00
 0.00000E+00 0.12222E-01 0.36971E-01-0.56995E+00 0.00000E+00
 0.35328E-01 0.17796E+00 0.00000E+00
 0.00000E+00-0.49265E-01-0.36858E+00 0.00000E+00-0.11170E+00
-0.83952E+00 0.00000E+00-0.59968E-01-0.46026E+00 0.00000E+00
 0.00000E+00 0.76724E-02 0.36275E-01-0.49295E+00 0.00000E+00
 0.29055E-01 0.22059E+00 0.00000E+00
 0.00000E+00-0.40916E-01-0.36583E+00 0.00000E+00-0.93147E-01
-0.83272E+00 0.00000E+00-0.50116E-01-0.45642E+00 0.00000E+00
 0.00000E+00 0.63725E-02 0.36157E-01-0.47330E+00 0.00000E+00
 0.26046E-01 0.23469E+00 0.00000E+00
 0.00000E+00-0.33050E-01-0.36335E+00 0.00000E+00-0.75712E-01
-0.82780E+00 0.00000E+00-0.40807E-01-0.45362E+00 0.00000E+00
 0.00000E+00 0.51618E-02 0.36134E-01-0.45658E+00 0.00000E+00
 0.22574E-01 0.24832E+00 0.00000E+00
 0.00000E+00-0.40913E-01-0.36581E+00 0.00000E+00-0.93141E-01
-0.83267E+00 0.00000E+00-0.50112E-01-0.45639E+00 0.00000E+00
 0.00000E+00 0.63721E-02 0.36154E-01-0.47327E+00 0.00000E+00
 0.26044E-01 0.23468E+00 0.00000E+00
-0.22759E+00-0.32386E-01-0.24764E+00-0.51020E+00-0.12877E+00
-0.56567E+00-0.25172E+00-0.13678E+00-0.28736E+00 0.18842E-01
 0.12247E-01 0.75352E-02 0.23545E-01-0.80134E+00 0.44472E-01
 0.48249E-01 0.51579E-01-0.31983E+01
-0.23519E+00-0.23731E-01-0.24764E+00-0.52964E+00-0.10836E+00
-0.56567E+00-0.26304E+00-0.12547E+00-0.28736E+00 0.20408E-01
 0.10681E-01 0.75353E-02 0.23545E-01-0.80134E+00 0.46896E-01
 0.45825E-01 0.51579E-01-0.32832E+01
-0.22759E+00-0.32388E-01-0.24764E+00-0.51020E+00-0.12877E+00
-0.56567E+00-0.25171E+00-0.13679E+00-0.28736E+00 0.18842E-01
 0.12247E-01 0.75352E-02 0.23545E-01-0.80134E+00 0.44471E-01
 0.48250E-01 0.51579E-01-0.31983E+01
-0.21888E+00-0.41167E-01-0.24765E+00-0.49099E+00-0.14894E+00
-0.56570E+00-0.24049E+00-0.14803E+00-0.28737E+00 0.17289E-01
 0.13802E-01 0.75356E-02 0.23546E-01-0.80137E+00 0.42067E-01
 0.50658E-01 0.51581E-01-0.31141E+01
-0.21142E+00-0.49719E-01-0.24764E+00-0.47193E+00-0.17005E+00
-0.56567E+00-0.22905E+00-0.15945E+00-0.28736E+00 0.15707E-01
 0.15382E-01 0.75352E-02 0.23545E-01-0.80134E+00 0.39618E-01
 0.53102E-01 0.51579E-01-0.30282E+01
-0.20568E+00-0.59150E-01-0.24764E+00-0.45380E+00-0.19162E+00
-0.56567E+00-0.21753E+00-0.17097E+00-0.28736E+00 0.14114E-01
 0.16975E-01 0.75352E-02 0.23545E-01-0.80134E+00 0.37151E-01
 0.55570E-01 0.51579E-01-0.29418E+01
-0.19969E+00-0.68830E-01-0.24764E+00-0.43545E+00-0.21344E+00
-0.56569E+00-0.20602E+00-0.18250E+00-0.28737E+00 0.12520E-01
 0.18570E-01 0.75354E-02 0.23545E-01-0.80136E+00 0.34684E-01
 0.58039E-01 0.51580E-01-0.28554E+01
-0.19344E+00-0.78754E-01-0.24764E+00-0.41684E+00-0.23548E+00
-0.56567E+00-0.19449E+00-0.19401E+00-0.28736E+00 0.10926E-01
 0.20163E-01 0.75352E-02 0.23545E-01-0.80134E+00 0.32216E-01
 0.60505E-01 0.51579E-01-0.27688E+01
-0.18636E+00-0.88853E-01-0.24766E+00-0.39815E+00-0.25748E+00
-0.56573E+00-0.18306E+00-0.20548E+00-0.28739E+00 0.93434E-02
 0.21749E-01 0.75360E-02 0.23547E-01-0.80142E+00 0.29767E-01
 0.62963E-01 0.51584E-01-0.26832E+01
-0.17984E+00-0.99124E-01-0.24764E+00-0.37933E+00-0.28053E+00
-0.56567E+00-0.17143E+00-0.21707E+00-0.28736E+00 0.77363E-02
 0.23353E-01 0.75352E-02 0.23545E-01-0.80134E+00 0.27278E-01
 0.65443E-01 0.51579E-01-0.25958E+01
-0.17383E+00-0.11039E+00-0.24764E+00-0.36068E+00-0.30412E+00
-0.56567E+00-0.15978E+00-0.22872E+00-0.28736E+00 0.61256E-02
 0.24963E-01 0.75352E-02 0.23545E-01-0.80134E+00 0.24784E-01
 0.67937E-01 0.51579E-01-0.25084E+01
-0.16785E+00-0.12231E+00-0.24822E+00-0.34248E+00-0.32885E+00
-0.56701E+00-0.14848E+00-0.24094E+00-0.28804E+00 0.45237E-02
 0.26639E-01 0.75531E-02 0.23601E-01-0.80322E+00 0.22341E-01
 0.70600E-01 0.51701E-01-0.24267E+01
-0.16069E+00-0.13394E+00-0.24764E+00-0.32237E+00-0.35217E+00
-0.56568E+00-0.13648E+00-0.25191E+00-0.28737E+00 0.29094E-02
 0.28167E-01 0.75353E-02 0.23545E-01-0.80332E+00 0.19760E-01
 0.72962E-01 0.51579E-01-0.23324E+01
-0.13474E+00-0.16732E+00-0.24764E+00-0.24774E+00-0.41258E+00
-0.56567E+00-0.10995E+00-0.28390E+00-0.28736E+00 0.00000E+00
 0.29384E-01 0.92403E-02 0.23545E-01-0.80134E+00 0.12661E-01
 0.80060E-01 0.51579E-01-0.20836E+01
-0.14889E+00-0.16212E+00-0.24764E+00-0.28024E+00-0.39765E+00
-0.56567E+00-0.11314E+00-0.27505E+00-0.28736E+00 0.00000E+00
 0.30792E-01 0.78209E-02 0.23545E-01-0.80305E+00 0.14817E-01
 0.77904E-01 0.51579E-01-0.21591E+01
-0.13472E+00-0.16732E+00-0.24764E+00-0.24771E+00-0.41259E+00
-0.56567E+00-0.10995E+00-0.28391E+00-0.28736E+00 0.00000E+00
 0.29382E-01 0.92416E-02 0.23545E-01-0.80134E+00 0.12659E-01
 0.80062E-01 0.51579E-01-0.20835E+01
-0.12113E+00-0.17188E+00-0.24769E+00-0.22408E+00-0.42675E+00
-0.56580E+00-0.99922E-01-0.29488E+00-0.28743E+00 0.00000E+00
 0.27936E-01 0.10697E-01 0.23550E-01-0.80152E+00 0.10412E-01
 0.82329E-01 0.51590E-01-0.20051E+01
-0.10806E+00-0.17572E+00-0.24765E+00-0.21033E+00-0.44287E+00
-0.56570E+00-0.81762E-01-0.30676E+00-0.28737E+00 0.00000E+00
 0.26421E-01 0.12204E-01 0.23546E-01-0.80137E+00 0.80732E-02
 0.84651E-01 0.51581E-01-0.19229E+01
-0.73946E-01-0.18735E+00-0.24788E+00-0.14689E+00-0.49141E+00
-0.56623E+00-0.49537E-01-0.33935E+00-0.28764E+00 0.00000E+00
 0.21979E-01 0.16683E-01 0.23568E-01-0.80212E+00 0.16866E-02
 0.90604E-01 0.52151E-01-0.16823E+01
-0.83122E-01-0.18010E+00-0.24764E+00-0.16716E+00-0.47248E+00
-0.56567E+00-0.60547E-01-0.32795E+00-0.28736E+00 0.00000E+00
 0.23487E-01 0.15137E-01 0.23545E-01-0.80134E+00 0.35322E-02
 0.89189E-01 0.51579E-01-0.17637E+01
-0.73870E-01-0.18718E+00-0.24764E+00-0.14674E+00-0.49094E+00
-0.56568E+00-0.49484E-01-0.33902E+00-0.28737E+00 0.00000E+00
 0.21957E-01 0.16667E-01 0.23545E-01-0.80135E+00 0.16840E-02
 0.90517E-01 0.52101E-01-0.16807E+01
-0.64794E-01-0.19423E+00-0.24779E+00-0.12651E+00-0.50960E+00
-0.56603E+00-0.38434E-01-0.35031E+00-0.28754E+00 0.00000E+00
 0.20438E-01 0.18210E-01 0.23559E-01-0.80184E+00 0.00000E+00
 0.90960E-01 0.53125E-01-0.15985E+01
-0.55785E-01-0.20088E+00-0.24764E+00-0.10627E+00-0.52742E+00
-0.56567E+00-0.27347E-01-0.36111E+00-0.28736E+00 0.00000E+00
 0.18893E-01 0.19726E-01 0.23545E-01-0.80210E+00 0.00000E+00
 0.89127E-01 0.55173E-01-0.15140E+01
-0.29586E-01-0.21905E+00-0.24764E+00-0.42775E-01-0.57546E+00
-0.56567E+00-0.25391E-05-0.38996E+00-0.28938E+00 0.00000E+00
 0.14361E-01 0.24263E-01 0.23545E-01-0.80134E+00 0.00000E+00
 0.82124E-01 0.62175E-01-0.12686E+01
-0.38443E-01-0.21503E+00-0.24764E+00-0.66183E-01-0.56256E+00
-0.56567E+00-0.52170E-02-0.38320E+00-0.28736E+00 0.00000E+00
 0.15831E-01 0.22784E-01 0.23545E-01-0.80270E+00 0.00000E+00
 0.84373E-01 0.59926E-01-0.13474E+01
-0.29581E-01-0.21905E+00-0.24764E+00-0.42763E-01-0.57547E+00
-0.56567E+00-0.91231E-09-0.38996E+00-0.28938E+00 0.00000E+00
 0.14360E-01 0.24264E-01 0.23545E-01-0.80134E+00 0.00000E+00
 0.82123E-01 0.62176E-01-0.12685E+01
-0.21047E-01-0.22282E+00-0.24764E+00-0.20945E-01-0.58757E+00
-0.56567E+00 0.13324E-07-0.38493E+00-0.29768E+00 0.00000E+00
 0.12880E-01 0.25744E-01 0.23545E-01-0.80134E+00 0.00000E+00
 0.79830E-01 0.64469E-01-0.11882E+01
-0.12826E-01-0.22622E+00-0.24764E+00-0.66815E-02-0.60494E+00
-0.56567E+00 0.00000E+00-0.36447E+00-0.31317E+00 0.00000E+00
 0.11349E-01 0.27275E-01 0.23545E-01-0.80134E+00 0.00000E+00
 0.77461E-01 0.66838E-01-0.11052E+01
 0.00000E+00-0.22018E+00-0.26623E+00 0.00000E+00-0.55191E+00
-0.63660E+00 0.00000E+00-0.31582E+00-0.36011E+00 0.00000E+00
 0.50540E-02 0.33574E-01 0.23547E-01-0.80142E+00 0.00000E+00
 0.67721E-01 0.76593E-01-0.76368E+00
 0.00000E+00-0.22186E+00-0.25821E+00 0.00000E+00-0.56654E+00
-0.61592E+00 0.00000E+00-0.32751E+00-0.34835E+00 0.00000E+00
 0.66751E-02 0.31949E-01 0.23545E-01-0.80134E+00 0.00000E+00
 0.70225E-01 0.74074E-01-0.85158E+00
 0.00000E+00-0.22356E+00-0.25021E+00 0.00000E+00-0.58123E+00
-0.59530E+00 0.00000E+00-0.33923E+00-0.33663E+00 0.00000E+00
 0.82970E-02 0.30327E-01 0.23545E-01-0.80134E+00 0.00000E+00
 0.72736E-01 0.71563E-01-0.93957E+00
 0.00000E+00-0.22030E+00-0.26638E+00 0.00000E+00-0.55220E+00
-0.63695E+00 0.00000E+00-0.31598E+00-0.36031E+00 0.00000E+00
 0.50560E-02 0.33593E-01 0.23560E-01-0.80185E+00 0.00000E+00
 0.67757E-01 0.76635E-01-0.76406E+00
 0.00000E+00-0.21780E+00-0.27484E+00 0.00000E+00-0.53653E+00
-0.65775E+00 0.00000E+00-0.30404E+00-0.37179E+00 0.00000E+00
 0.34326E-02 0.35187E-01 0.23545E-01-0.80193E+00 0.00000E+00
 0.65191E-01 0.79109E-01-0.67517E+00
 0.00000E+00-0.20319E+00-0.30180E+00 0.00000E+00-0.47087E+00
-0.72109E+00 0.00000E+00-0.27635E+00-0.40337E+00 0.00000E+00
 0.00000E+00 0.37347E-01 0.24821E-01-0.80134E+00 0.00000E+00
 0.57915E-01 0.86384E-01-0.42022E+00
 0.00000E+00-0.21463E+00-0.29404E+00 0.00000E+00-0.50172E+00
-0.70041E+00 0.00000E+00-0.28067E+00-0.39509E+00 0.00000E+00
 0.00000E+00 0.38405E-01 0.23545E-01-0.80295E+00 0.00000E+00
 0.60173E-01 0.84126E-01-0.49935E+00
 0.00000E+00-0.20317E+00-0.30181E+00 0.00000E+00-0.47082E+00
-0.72113E+00 0.00000E+00-0.27635E+00-0.40339E+00 0.00000E+00
 0.00000E+00 0.37346E-01 0.24823E-01-0.80134E+00 0.00000E+00
 0.57911E-01 0.86388E-01-0.42008E+00
 0.00000E+00-0.19199E+00-0.30942E+00 0.00000E+00-0.44394E+00
-0.74042E+00 0.00000E+00-0.26952E+00-0.41332E+00 0.00000E+00
 0.00000E+00 0.35866E-01 0.26328E-01-0.80166E+00 0.00000E+00
 0.55620E-01 0.88737E-01-0.33916E+00
 0.00000E+00-0.18090E+00-0.31653E+00 0.00000E+00-0.43446E+00
-0.75659E+00 0.00000E+00-0.24904E+00-0.42767E+00 0.00000E+00
 0.00000E+00 0.34283E-01 0.27886E-01-0.80134E+00 0.00000E+00
 0.53170E-01 0.91129E-01-0.25394E+00
 0.00000E+00-0.16905E+00-0.32345E+00 0.00000E+00-0.41469E+00
-0.77410E+00 0.00000E+00-0.23699E+00-0.43888E+00 0.00000E+00
 0.00000E+00 0.32778E-01 0.29391E-01-0.80134E+00 0.00000E+00
 0.50840E-01 0.93460E-01-0.17227E+00
 
-0.14642E+00-0.26911E+00-0.37440E+00-0.60259E+00-0.64800E+00
-0.72591E+00-0.89595E+00-0.92159E+00-0.11164E+01-0.11481E+01
-0.14154E+01-0.13879E+01-0.15485E+01-0.15470E+01-0.15462E+01
-0.17573E+01-0.17342E+01-0.17418E+01-0.17929E+01-0.18454E+01
-0.19973E+01-0.20473E+01-0.19719E+01-0.20590E+01-0.20361E+01
-0.21313E+01-0.21258E+01-0.22258E+01-0.21814E+01-0.21868E+01
-0.23170E+01-0.21586E+01-0.21834E+01-0.20945E+01-0.21828E+01
-0.22523E+01-0.22109E+01-0.23166E+01-0.22767E+01-0.24173E+01
-0.23825E+01-0.22716E+01-0.23315E+01-0.24486E+01-0.23659E+01
-0.25066E+01-0.24840E+01-0.24925E+01-0.25024E+01-0.25013E+01
-0.25913E+01-0.25086E+01-0.25091E+01-0.24890E+01-0.24976E+01
-0.25489E+01-0.25029E+01-0.25529E+01-0.24585E+01-0.25564E+01
-0.28173E+01-0.28338E+01-0.27192E+01-0.26612E+01-0.26656E+01
-0.26523E+01-0.26015E+01-0.25508E+01-0.24685E+01-0.24546E+01
-0.25574E+01-0.25017E+01-0.24774E+01-0.24161E+01-0.24568E+01
-0.24626E+01-0.24928E+01-0.24157E+01-0.24360E+01-0.24643E+01
-0.24557E+01-0.25505E+01-0.24581E+01-0.26042E+01-0.25963E+01
-0.24789E+01-0.25248E+01-0.26586E+01-0.25469E+01-0.26814E+01
-0.24535E+01-0.24396E+01-0.23534E+01-0.24005E+01-0.24911E+01
-0.24698E+01-0.25006E+01-0.24660E+01-0.23784E+01-0.24497E+01
-0.24281E+01-0.23763E+01-0.23752E+01-0.23796E+01-0.25084E+01
-0.24962E+01-0.25814E+01-0.24946E+01-0.25677E+01-0.25308E+01
-0.26570E+01-0.27451E+01-0.26880E+01-0.27134E+01-0.27762E+01
-0.27530E+01-0.28642E+01-0.28996E+01-0.29592E+01-0.29018E+01
-0.30113E+01-0.30290E+01-0.31589E+01-0.31208E+01-0.30747E+01
-0.31086E+01-0.31796E+01-0.32568E+01-0.32912E+01-0.16841E+01
-0.16929E+01-0.14987E+01-0.14584E+01-0.15225E+01-0.14050E+01
-0.13294E+01-0.12336E+01-0.11261E+01-0.97095E+00-0.88257E+00
-0.82047E+00-0.69522E+00-0.57317E+00-0.33219E+00-0.30602E+00
-0.14838E+00-0.22539E+01-0.21959E+01-0.21884E+01-0.21473E+01
-0.21609E+01-0.21120E+01-0.21283E+01-0.19826E+01-0.20464E+01
-0.19864E+01-0.19506E+01-0.18672E+01-0.18203E+01-0.18266E+01
-0.24382E+01-0.25346E+01-0.26591E+01-0.25903E+01-0.25751E+01
-0.26168E+01-0.25418E+01-0.25311E+01-0.25892E+01-0.25477E+01
-0.24457E+01-0.25091E+01-0.23712E+01-0.23639E+01-0.24825E+01
-0.24863E+01-0.23219E+01-0.24214E+01-0.22074E+01-0.22567E+01
-0.22490E+01-0.23127E+01-0.22599E+01-0.22730E+01-0.21655E+01
-0.22096E+01-0.21644E+01-0.22142E+01-0.21589E+01-0.24726E+01
-0.24856E+01-0.23328E+01-0.23116E+01-0.23293E+01-0.23081E+01
-0.23756E+01-0.23001E+01-0.22524E+01-0.22125E+01-0.21898E+01
-0.22168E+01-0.20361E+01-0.21233E+01-0.19577E+01-0.19281E+01
-0.19621E+01-0.19173E+01-0.19097E+01-0.17727E+01-0.18535E+01
-0.17801E+01-0.17999E+01-0.17412E+01-0.16825E+01-0.16662E+01
-0.15704E+01-0.17063E+01-0.16813E+01-0.15335E+01-0.31777E+01
-0.32692E+01-0.31836E+01-0.30845E+01-0.31864E+01-0.30082E+01
-0.29551E+01-0.28800E+01-0.28295E+01-0.27650E+01-0.27475E+01
-0.27670E+01-0.27306E+01-0.27264E+01-0.26112E+01-0.25388E+01
-0.26379E+01-0.24296E+01-0.24334E+01-0.23705E+01-0.22886E+01
-0.21887E+01-0.22029E+01-0.21374E+01-0.21382E+01-0.21320E+01
-0.19555E+01-0.19421E+01-0.19626E+01-0.19519E+01-0.19362E+01
-0.19705E+01-0.20077E+01-0.19539E+01-0.19356E+01-0.18382E+01
-0.18973E+01-0.18839E+01-0.19241E+01
 
 0.50000E-01 0.50000E-01 0.50000E-01 0.50000E-01 0.50000E-01
 0.50000E-01 0.50000E-01 0.50000E-01 0.50000E-01 0.50000E-01
 0.50000E-01 0.50000E-01 0.50000E-01 0.50000E-01 0.50000E-01
 0.50000E-01 0.50000E-01 0.50000E-01 0.50000E-01 0.50000E-01
 0.50000E-01 0.50000E-01 0.50000E-01 0.50000E-01 0.50000E-01
 0.50000E-01 0.50000E-01 0.50000E-01 0.50000E-01 0.50000E-01
 0.50000E-01 0.50000E-01 0.50000E-01 0.50000E-01 0.50000E-01
 0.50000E-01 0.50000E-01 0.50000E-01 0.50000E-01 0.50000E-01
 0.50000E-01 0.50000E-01 0.50000E-01 0.50000E-01 0.50000E-01
 0.50000E-01 0.50000E-01 0.50000E-01 0.50000E-01 0.50000E-01
 0.50000E-01 0.50000E-01 0.50000E-01 0.50000E-01 0.50000E-01
 0.50000E-01 0.50000E-01 0.50000E-01 0.50000E-01 0.50000E-01
 0.50000E-01 0.50000E-01 0.50000E-01 0.50000E-01 0.50000E-01
 0.50000E-01 0.50000E-01 0.50000E-01 0.50000E-01 0.50000E-01
 0.50000E-01 0.50000E-01 0.50000E-01 0.50000E-01 0.50000E-01
 0.50000E-01 0.50000E-01 0.50000E-01 0.50000E-01 0.50000E-01
 0.50000E-01 0.50000E-01 0.50000E-01 0.50000E-01 0.50000E-01
 0.50000E-01 0.50000E-01 0.50000E-01 0.50000E-01 0.50000E-01
 0.50000E-01 0.50000E-01 0.50000E-01 0.50000E-01 0.50000E-01
 0.50000E-01 0.50000E-01 0.50000E-01 0.50000E-01 0.50000E-01
 0.50000E-01 0.50000E-01 0.50000E-01 0.50000E-01 0.50000E-01
 0.50000E-01 0.50000E-01 0.50000E-01 0.50000E-01 0.50000E-01
 0.50000E-01 0.50000E-01 0.50000E-01 0.50000E-01 0.50000E-01
 0.50000E-01 0.50000E-01 0.50000E-01 0.50000E-01 0.50000E-01
 0.50000E-01 0.50000E-01 0.50000E-01 0.50000E-01 0.50000E-01
 0.50000E-01 0.50000E-01 0.50000E-01 0.50000E-01 0.50000E-01
 0.50000E-01 0.50000E-01 0.50000E-01 0.50000E-01 0.50000E-01
 0.50000E-01 0.50000E-01 0.50000E-01 0.50000E-01 0.50000E-01
 0.50000E-01 0.50000E-01 0.50000E-01 0.50000E-01 0.50000E-01
 0.50000E-01 0.50000E-01 0.50000E-01 0.50000E-01 0.50000E-01
 0.50000E-01 0.50000E-01 0.50000E-01 0.50000E-01 0.50000E-01
 0.50000E-01 0.50000E-01 0.50000E-01 0.50000E-01 0.50000E-01
 0.50000E-01 0.50000E-01 0.50000E-01 0.50000E-01 0.50000E-01
 0.50000E-01 0.50000E-01 0.50000E-01 0.50000E-01 0.50000E-01
 0.50000E-01 0.50000E-01 0.50000E-01 0.50000E-01 0.50000E-01
 0.50000E-01 0.50000E-01 0.50000E-01 0.50000E-01 0.50000E-01
 0.50000E-01 0.50000E-01 0.50000E-01 0.50000E-01 0.50000E-01
 0.50000E-01 0.50000E-01 0.50000E-01 0.50000E-01 0.50000E-01
 0.50000E-01 0.50000E-01 0.50000E-01 0.50000E-01 0.50000E-01
 0.50000E-01 0.50000E-01 0.50000E-01 0.50000E-01 0.50000E-01
 0.50000E-01 0.50000E-01 0.50000E-01 0.50000E-01 0.50000E-01
 0.50000E-01 0.50000E-01 0.50000E-01 0.50000E-01 0.50000E-01
 0.50000E-01 0.50000E-01 0.50000E-01 0.50000E-01 0.50000E-01
 0.50000E-01 0.50000E-01 0.50000E-01 0.50000E-01 0.50000E-01
 0.50000E-01 0.50000E-01 0.50000E-01 0.50000E-01 0.50000E-01
 0.50000E-01 0.50000E-01 0.50000E-01 0.50000E-01 0.50000E-01
 0.50000E-01 0.50000E-01 0.50000E-01 0.50000E-01 0.50000E-01
 0.50000E-01 0.50000E-01 0.50000E-01 0.50000E-01 0.50000E-01
 0.50000E-01 0.50000E-01 0.50000E-01 0.50000E-01 0.50000E-01
 0.50000E-01 0.50000E-01 0.50000E-01 0.50000E-01 0.50000E-01
 0.50000E-01 0.50000E-01 0.50000E-01 0.50000E-01 0.50000E-01
 0.50000E-01 0.50000E-01 0.50000E-01
 
Number of data points used:      258
RMS traveltime residual:       2.282
Normalized chi-squared:     2091.019
 
