shot  ray i.angle  f.angle   dist     depth red.time  npts code
   1   1    0.250   -1.180    2.673    0.38   0.138     3   1.1
   1   2    1.464   -2.005    6.513    0.35   0.337     3   1.1
   1   3    2.678   -3.373   11.415    0.31   0.593     4   1.1
   1   4    3.892   -4.646   16.191    0.27   0.845     5   1.1
   1   5    5.106   -5.889   20.969    0.23   1.098     6   1.1
   1   6    6.320   -7.103   25.755    0.18   1.352     7   1.1
   1   7    7.534   -8.626   31.255    0.02   1.648     8   1.1
   1   8    8.749  -10.008   36.620   -0.13   1.937     9   1.1
   1   9    9.963  -11.301   41.949   -0.27   2.224    10   1.1
   1  10   11.177  -12.533   47.303   -0.42   2.512    11   1.1
   1  11   12.391  -13.674   52.631   -0.61   2.800    12   1.1
   1  12   13.605  -14.905   58.335   -0.83   3.109    13   1.1
   1  13   14.819  -16.063   64.098   -1.06   3.420    14   1.1
   1  14   16.033  -17.164   69.952   -1.30   3.735    15   1.1
   1  15   17.247  -18.123   75.697   -1.45   4.040    17   1.1
   1  16   18.461  -18.494   80.171   -1.15   4.253    17   1.1
   1  17   19.675  -18.972   84.818   -0.83   4.474    18   1.1
   1  18   20.889  -19.569   89.679   -0.50   4.704    18   1.1
   1  19   22.103  -20.277   94.717   -0.16   4.942    19   1.1
   1  20   23.318  -21.093   99.923    0.19   5.186    20   1.1
   1   1   23.378  -21.276   96.142   -0.06   5.011    21   2.1
   1   2   23.397  -21.201  104.944    0.28   5.438    22   2.1
   1   3   23.433  -21.354  112.607    0.40   5.828    21   2.1
   1   4   23.478  -21.548  119.061    0.50   6.161    21   2.1
   1   5   23.532  -21.632  121.103    0.54   6.267    20   2.1
   1   6   23.593  -21.779  123.594    0.58   6.396    20   2.1
   1   7   23.660  -21.881  125.788    0.63   6.510    22   2.1
   1   8   23.734  -21.968  127.772    0.70   6.610    21   2.1
   1   9   23.813  -22.143  130.163    0.79   6.732    21   2.1
   1  10   23.897  -22.301  132.097    0.86   6.831    22   2.1
   1  11   23.986  -22.515  134.198    0.93   6.938    22   2.1
   1  12   24.079  -22.779  136.232    1.00   7.042    21   2.1
   1  13   24.177  -22.984  137.798    1.06   7.121    21   2.1
   1  14   24.278  -23.186  139.215    1.11   7.193    21   2.1
   1  15   24.384  -23.446  140.816    1.17   7.274    21   2.1
   1  16   24.494  -23.725  142.439    1.23   7.356    22   2.1
   1  17   24.607  -23.983  143.928    1.28   7.430    22   2.1
   1  18   24.724  -24.303  145.590    1.34   7.513    21   2.1
   1  19   24.845  -24.638  147.231    1.40   7.595    22   2.1
   1  20   24.969  -24.975  148.840    1.46   7.674    23   2.1
   1  21   25.096  -25.435  150.652    1.47   7.767    24   2.1
   1  22   25.226  -26.006  152.491    1.38   7.868    23   2.1
   1  23   25.360  -26.604  154.391    1.29   7.971    22   2.1
   1  24   25.496  -27.136  156.134    1.21   8.063    23   2.1
***  ray stopped - illegal reflection  ***
   1  25   25.636   -0.389   91.630   16.68   4.264    12   2.2
   1   1   25.638  -26.965  145.960    1.35   7.552    21   2.2
   1   2   25.723  -27.268  141.357    1.19   7.345    20   2.2
   1   3   25.980  -28.023  131.018    0.82   6.896    20   2.2
   1   4   26.409  -28.719  122.333    0.56   6.536    18   2.2
   1   5   27.009  -29.477  112.799    0.40   6.150    18   2.2
   1   6   27.780  -30.232  104.338    0.27   5.828    14   2.2
   1   7   28.723  -31.164   97.063    0.00   5.582    14   2.2
   1   8   29.837  -32.488   90.168   -0.47   5.390    14   2.2
   1   9   31.122  -34.160   83.479   -0.92   5.223    13   2.2
   1  10   32.579  -36.150   77.225   -1.35   5.097    13   2.2
   1  11   34.207  -38.126   70.726   -1.33   4.947    12   2.2
   1  12   36.007  -40.073   64.465   -1.08   4.804    11   2.2
   1  13   37.978  -42.102   58.944   -0.86   4.704    10   2.2
   1  14   40.121  -44.296   53.738   -0.65   4.634    10   2.2
   1  15   42.435  -46.662   48.843   -0.47   4.596     9   2.2
   1  16   44.920  -49.241   44.252   -0.34   4.593     9   2.2
   1  17   47.576  -51.970   39.887   -0.22   4.618     8   2.2
   1  18   50.405  -54.861   35.607   -0.10   4.673     8   2.2
   1  19   53.404  -57.886   31.662    0.01   4.756     8   2.2
   1  20   56.575  -61.045   27.881    0.12   4.867     8   2.2
   1  21   59.917  -64.269   24.293    0.21   5.006     8   2.2
   1  22   63.431  -67.655   20.827    0.23   5.183     8   2.2
   1  23   67.116  -71.096   17.467    0.26   5.390     8   2.2
   1  24   70.972  -74.553   14.197    0.29   5.626     8   2.2
   1  25   75.000  -78.074   10.963    0.31   5.896     8   2.2
   1   1   37.378  -40.988  213.039    0.84   8.020    26   3.2
   1   2   37.381  -41.050  212.111    0.85   8.004    26   3.2
   1   3   37.391  -40.706  217.074    0.80   8.090    26   3.2
   1   4   37.413  -41.382  201.519    0.98   7.820    24   3.2
   1   5   37.450  -41.537  197.212    0.92   7.757    23   3.2
   1   6   37.503  -41.816  191.494    0.76   7.684    23   3.2
   1   7   37.576  -42.173  184.766    0.57   7.598    23   3.2
   1   8   37.669  -42.844  176.653    0.35   7.498    23   3.2
   1   9   37.784  -43.258  168.949    0.59   7.347    22   3.2
   1  10   37.922  -42.896  162.953    0.88   7.213    22   3.2
   1  11   38.086  -42.227  156.581    1.18   7.058    21   3.2
   1  12   38.277  -41.286  150.124    1.49   6.886    21   3.2
   1  13   38.495  -41.155  144.157    1.29   6.782    19   3.2
   1  14   38.742  -41.076  138.462    1.08   6.686    19   3.2
   1  15   39.020  -41.109  133.572    0.91   6.605    20   3.2
   1  16   39.329  -41.254  128.322    0.72   6.522    19   3.2
   1  17   39.671  -41.622  123.288    0.57   6.442    18   3.2
   1  18   40.046  -42.097  118.141    0.49   6.360    17   3.2
   1  19   40.455  -42.458  112.781    0.40   6.289    17   3.2
   1  20   40.901  -42.596  108.000    0.33   6.229    16   3.2
   1  21   41.383  -42.644  103.767    0.26   6.177    16   3.2
   1  22   41.902  -42.682   99.775    0.18   6.131    15   3.2
   1  23   42.460  -42.893   96.079   -0.07   6.113    15   3.2
   1  24   43.057  -43.133   92.432   -0.31   6.100    14   3.2
   1  25   43.695  -43.422   88.878   -0.56   6.090    14   3.2
   1  26   44.373  -43.778   85.430   -0.79   6.084    15   3.2
   1  27   45.094  -44.264   82.108   -1.02   6.083    15   3.2
   1  28   45.858  -44.867   78.880   -1.24   6.086    13   3.2
   1  29   46.665  -45.613   75.921   -1.44   6.095    13   3.2
   1  30   47.516  -46.284   72.725   -1.41   6.079    12   3.2
   1  31   48.413  -46.937   69.472   -1.28   6.054    11   3.2
   1  32   49.355  -47.639   66.351   -1.15   6.037    11   3.2
   1  33   50.345  -48.390   63.127   -1.03   6.025    11   3.2
   1  34   51.382  -49.204   60.132   -0.91   6.021    11   3.2
   1  35   52.467  -50.086   57.303   -0.79   6.023    12   3.2
   1  36   53.601  -51.026   54.444   -0.68   6.032    11   3.2
   1  37   54.785  -52.015   51.636   -0.57   6.048    12   3.2
   1  38   56.019  -53.073   48.896   -0.47   6.072    11   3.2
   1  39   57.304  -54.207   46.238   -0.39   6.107    11   3.2
   1  40   58.641  -55.400   43.610   -0.32   6.149    11   3.2
   1  41   60.030  -56.652   41.010   -0.25   6.199    11   3.2
   1  42   61.472  -57.971   38.452   -0.18   6.258    11   3.2
   1  43   62.968  -59.357   35.929   -0.11   6.325    11   3.2
   1  44   64.519  -60.805   33.440   -0.04   6.401    11   3.2
   1  45   66.124  -62.337   30.967    0.03   6.487    11   3.2
   1  46   67.786  -63.934   28.505    0.10   6.584    12   3.2
   1  47   69.503  -65.580   26.088    0.17   6.689    12   3.2
   1  48   71.278  -67.333   23.678    0.21   6.811    11   3.2
   1  49   73.110  -69.180   21.279    0.23   6.947    11   3.2
   1  50   75.000  -71.141   18.860    0.25   7.098    11   3.2
   1   1   46.936  -46.094   85.465   -0.79   6.238     9   4.3
   1   1   46.936  -46.726   97.561    0.03   6.179     8   4.3
   1   1   46.936  -47.394  110.317    0.37   6.179     9   4.3
   1   1   46.936  -47.122  123.248    0.57   6.210     8   4.3
   1   1   46.936  -47.310  135.563    0.98   6.228     9   4.3
   1   1   46.936  -47.793  147.765    1.42   6.241     8   4.3
   1   1   46.936  -49.488  160.366    1.00   6.352     8   4.3
   1   1   46.936  -49.610  173.493    0.37   6.443     9   4.3
   1   1   46.936  -48.968  186.101    0.61   6.409     9   4.3
   1   1   46.936  -49.125  197.225    0.92   6.363     9   4.3
   1   1   46.936  -49.371  207.753    0.91   6.336     9   4.3
   1   1   46.936  -48.662  219.980    0.76   6.322     8   4.3
   1   1   46.936  -48.172  232.407    0.49   6.334     9   4.3
   1   1   46.936  -47.788  244.583    0.15   6.353     7   4.3
   1   1   46.936  -47.232  256.573    0.13   6.329     8   4.3
   1   1   46.936  -46.807  268.242    0.36   6.274     7   4.3
   1   1   46.936  -46.498  280.122    0.50   6.229     7   4.3
   1   1   46.936  -46.124  292.101    0.50   6.199     7   4.3
   1   1   46.936  -43.494  300.000    4.63   5.676     7   4.3
   1   1   46.936  -39.059  300.000   15.00   4.569     5   4.3
   1   1   46.936  -33.638  300.000   24.05   3.707     4   4.3
   1   1   46.936  -30.119  300.000   31.47   3.129     3   4.3
  -2   1    0.250   -0.450  298.623    0.50   0.070     3   1.1
  -2   2    1.439   -1.376  294.454    0.50   0.283     3   1.1
  -2   3    2.628   -2.637  289.604    0.50   0.534     3   1.1
  -2   4    3.817   -3.687  285.149    0.50   0.765     4   1.1
  -2   5    5.006   -4.835  280.470    0.50   1.010     5   1.1
  -2   6    6.195   -6.107  275.509    0.50   1.271     6   1.1
  -2   7    7.384   -7.634  269.970    0.40   1.566     7   1.1
  -2   8    8.573   -9.035  264.575    0.29   1.853     8   1.1
  -2   9    9.762  -10.323  259.296    0.19   2.136     9   1.1
  -2  10   10.951  -11.545  254.039    0.08   2.417    10   1.1
  -2  11   12.140  -12.636  248.951    0.03   2.687    12   1.1
  -2  12   13.329  -13.412  244.468    0.15   2.918    12   1.1
  -2  13   14.518  -14.200  239.981    0.28   3.148    13   1.1
  -2  14   15.707  -15.068  235.322    0.41   3.387    14   1.1
  -2  15   16.896  -16.001  230.524    0.55   3.632    15   1.1
  -2  16   18.085  -17.017  225.540    0.68   3.885    16   1.1
  -2  17   19.274  -18.122  220.377    0.76   4.148    17   1.1
  -2  18   20.463  -19.256  215.098    0.82   4.415    18   1.1
  -2  19   21.652  -20.391  209.751    0.88   4.683    19   1.1
  -2  20   22.841  -21.527  204.331    0.95   4.951    20   1.1
  -2   1   22.903  -21.580  208.285    0.90   4.758    22   2.1
  -2   2   22.934  -21.572  202.164    0.97   5.057    21   2.1
  -2   3   22.990  -21.858  195.103    0.86   5.420    21   2.1
  -2   4   23.063  -22.005  192.021    0.78   5.583    21   2.1
  -2   5   23.149  -22.201  189.152    0.70   5.734    20   2.1
  -2   6   23.246  -22.338  186.305    0.62   5.885    22   2.1
  -2   7   23.354  -22.566  183.253    0.53   6.048    20   2.1
  -2   8   23.471  -22.732  180.414    0.45   6.199    22   2.1
  -2   9   23.597  -23.016  177.256    0.36   6.368    20   2.1
  -2  10   23.731  -23.195  175.161    0.30   6.481    21   2.1
  -2  11   23.872  -23.225  173.283    0.38   6.572    22   2.1
  -2  12   24.021  -23.302  171.328    0.48   6.666    22   2.1
  -2  13   24.177  -23.442  169.312    0.57   6.763    22   2.1
  -2  14   24.340  -23.573  167.525    0.66   6.849    22   2.1
  -2  15   24.509  -23.781  165.560    0.75   6.944    22   2.1
  -2  16   24.684  -24.040  163.573    0.85   7.040    22   2.1
  -2  17   24.865  -24.295  161.751    0.94   7.127    22   2.1
  -2  18   25.051  -24.576  160.007    1.02   7.211    22   2.1
  -2  19   25.243  -24.879  158.296    1.10   7.292    22   2.1
  -2  20   25.441  -25.224  156.516    1.19   7.376    22   2.1
  -2  21   25.644  -25.569  154.834    1.27   7.455    23   2.1
  -2  22   25.852  -25.973  153.039    1.35   7.539    23   2.1
  -2  23   26.065  -26.399  151.238    1.44   7.622    23   2.1
  -2  24   26.283  -26.909  149.350    1.48   7.713    24   2.1
  -2  25   26.506  -27.632  147.168    1.40   7.826    25   2.1
  -2   1   26.513  -27.631  147.182    1.40   7.826    24   2.2
  -2   2   26.598  -27.653  158.418    1.10   7.312    23   2.2
  -2   3   26.850  -28.396  168.282    0.62   6.901    22   2.2
  -2   4   27.271  -29.403  178.186    0.39   6.494    19   2.2
  -2   5   27.860  -30.099  187.968    0.66   6.070    18   2.2
  -2   6   28.618  -30.782  197.183    0.92   5.691    16   2.2
  -2   7   29.544  -31.776  205.036    0.94   5.406    15   2.2
  -2   8   30.638  -33.026  212.459    0.85   5.169    14   2.2
  -2   9   31.901  -34.417  219.259    0.77   4.973    13   2.2
  -2  10   33.332  -35.921  225.542    0.68   4.814    12   2.2
  -2  11   34.931  -37.655  231.398    0.52   4.698    11   2.2
  -2  12   36.699  -39.544  236.743    0.37   4.614    11   2.2
  -2  13   38.635  -41.624  242.020    0.22   4.555    11   2.2
  -2  14   40.740  -43.932  246.966    0.08   4.527    11   2.2
  -2  15   43.012  -46.401  251.635    0.03   4.519     9   2.2
  -2  16   45.453  -48.911  256.032    0.12   4.520     8   2.2
  -2  17   48.063  -51.590  260.230    0.20   4.547     8   2.2
  -2  18   50.841  -54.425  264.418    0.29   4.603     8   2.2
  -2  19   53.787  -57.398  268.304    0.37   4.685     8   2.2
  -2  20   56.902  -60.506  272.043    0.44   4.796     8   2.2
  -2  21   60.185  -63.684  275.578    0.50   4.932     8   2.2
  -2  22   63.636  -67.025  279.000    0.50   5.107     8   2.2
  -2  23   67.256  -70.440  282.326    0.50   5.309     8   2.2
  -2  24   71.044  -73.887  285.568    0.50   5.542     8   2.2
  -2  25   75.000  -77.413  288.779    0.50   5.807     8   2.2
  -2   1   36.894  -39.776   64.031   -1.06   8.636    26   3.2
  -2   2   36.896  -39.809   64.480   -1.08   8.631    26   3.2
  -2   3   36.907  -40.002   66.513   -1.16   8.607    26   3.2
  -2   4   36.929  -40.522   70.681   -1.33   8.559    26   3.2
  -2   5   36.967  -41.535   77.401   -1.34   8.458    26   3.2
  -2   6   37.021  -42.423   87.950   -0.62   8.232    26   3.2
  -2   7   37.094  -42.673   98.480    0.10   8.002    25   3.2
  -2   8   37.188  -42.961  105.830    0.29   7.876    23   3.2
  -2   9   37.304  -43.349  113.412    0.41   7.757    22   3.2
  -2  10   37.445  -43.732  120.158    0.52   7.652    22   3.2
  -2  11   37.611  -44.205  127.255    0.68   7.538    21   3.2
  -2  12   37.804  -44.337  134.242    0.93   7.414    22   3.2
  -2  13   38.025  -43.784  141.280    1.19   7.279    21   3.2
  -2  14   38.276  -42.991  147.683    1.42   7.143    20   3.2
  -2  15   38.557  -42.641  153.025    1.35   7.052    18   3.2
  -2  16   38.870  -42.613  158.506    1.09   6.986    19   3.2
  -2  17   39.216  -42.676  163.662    0.84   6.927    19   3.2
  -2  18   39.596  -42.858  168.835    0.60   6.872    19   3.2
  -2  19   40.011  -43.304  174.047    0.35   6.822    19   3.2
  -2  20   40.462  -43.744  179.017    0.41   6.741    18   3.2
  -2  21   40.950  -44.191  184.001    0.55   6.661    16   3.2
  -2  22   41.476  -44.561  188.928    0.69   6.590    17   3.2
  -2  23   42.041  -44.855  193.514    0.82   6.528    16   3.2
  -2  24   42.646  -45.092  197.903    0.94   6.474    16   3.2
  -2  25   43.292  -45.400  202.009    0.98   6.438    15   3.2
  -2  26   43.979  -45.829  205.933    0.93   6.419    14   3.2
  -2  27   44.709  -46.315  209.736    0.88   6.406    13   3.2
  -2  28   45.482  -46.866  213.266    0.84   6.399    12   3.2
  -2  29   46.300  -47.447  216.794    0.80   6.398    12   3.2
  -2  30   47.162  -48.071  220.269    0.76   6.403    11   3.2
  -2  31   48.071  -48.740  223.751    0.71   6.416    12   3.2
  -2  32   49.025  -49.484  227.033    0.64   6.438    11   3.2
  -2  33   50.027  -50.318  230.323    0.55   6.471    11   3.2
  -2  34   51.078  -51.199  233.476    0.46   6.510    11   3.2
  -2  35   52.177  -52.140  236.574    0.38   6.557    11   3.2
  -2  36   53.325  -53.140  239.614    0.29   6.611    11   3.2
  -2  37   54.524  -54.209  242.549    0.21   6.671    11   3.2
  -2  38   55.774  -55.351  245.624    0.12   6.744    12   3.2
  -2  39   57.076  -56.598  248.528    0.04   6.823    12   3.2
  -2  40   58.430  -57.897  251.436    0.03   6.902    11   3.2
  -2  41   59.837  -59.196  254.364    0.09   6.982    11   3.2
  -2  42   61.298  -60.557  257.252    0.15   7.071    11   3.2
  -2  43   62.813  -61.979  260.107    0.20   7.171    11   3.2
  -2  44   64.384  -63.462  262.928    0.26   7.281    11   3.2
  -2  45   66.010  -65.009  265.724    0.31   7.403    11   3.2
  -2  46   67.693  -66.619  268.498    0.37   7.536    11   3.2
  -2  47   69.433  -68.294  271.260    0.43   7.682    12   3.2
  -2  48   71.230  -70.006  274.001    0.48   7.841    12   3.2
  -2  49   73.085  -71.784  276.722    0.50   8.018    11   3.2
  -2  50   75.000  -73.656  279.447    0.50   8.214    11   3.2
  -2   1   45.734  -47.708  204.051    0.95   6.584     7   4.3
  -2   1   45.734  -48.344  191.770    0.77   6.625     8   4.3
  -2   1   45.734  -48.366  179.226    0.42   6.693     9   4.3
  -2   1   45.734  -48.354  167.349    0.67   6.692    10   4.3
  -2   1   45.734  -48.818  155.901    1.22   6.650     8   4.3
  -2   1   45.734  -50.112  144.234    1.29   6.667     9   4.3
  -2   1   45.734  -50.931  132.017    0.85   6.704     9   4.3
  -2   1   45.734  -50.502  119.402    0.51   6.714    10   4.3
  -2   1   45.734  -50.558  108.062    0.33   6.704     8   4.3
  -2   1   45.734  -50.936   97.873    0.06   6.686     8   4.3
  -2   1   45.734  -50.536   85.847   -0.76   6.722     8   4.3
  -2   1   45.734  -49.624   73.621   -1.44   6.752     9   4.3
  -2   1   45.734  -48.847   62.555   -1.00   6.644     8   4.3
  -2   1   45.734  -48.496   51.696   -0.57   6.541     7   4.3
  -2   1   45.734  -48.198   40.745   -0.24   6.450     8   4.3
  -2   1   45.734  -47.850   29.760    0.07   6.361     7   4.3
  -2   1   45.734  -47.595   18.569    0.25   6.285     8   4.3
  -2   1   45.734  -47.261    7.295    0.34   6.219     7   4.3
  -2   1   45.734  -44.626    0.000    4.65   5.648     7   4.3
  -2   1   45.734  -40.880    0.000   14.88   4.527     5   4.3
  -2   1   45.734  -34.354    0.000   24.15   3.595     4   4.3

|----------------------------------------------------------------|
|                                                                |
|  total of   419 rays consisting of    5573 points were traced  |
|                                                                |
|           model consists of  5 layers and  24 blocks           |
|                                                                |
|----------------------------------------------------------------|

