     0.000        -1
     5.000         1
 0.88348E+00 0.24347E-01 0.00000E+00
    10.000         1
 0.17693E+01 0.20893E-01 0.00000E+00
    15.000         2
 0.26570E+01 0.18293E-01 0.00000E+00
 0.74430E+01 0.17077E-02-0.00000E+00
    20.000         3
 0.35463E+01 0.16350E-01 0.00000E+00
 0.77342E+01 0.14197E-02-0.00000E+00
 0.95271E+01 0.13455E-02-0.00000E+00
    25.000         3
 0.44370E+01 0.14731E-01 0.00000E+00
 0.81038E+01 0.11541E-02-0.00000E+00
 0.98692E+01 0.11825E-02-0.00000E+00
    30.000         3
 0.53303E+01 0.13539E-01 0.00000E+00
 0.85546E+01 0.95712E-03-0.00000E+00
 0.10275E+02 0.98810E-03-0.00000E+00
    35.000         3
 0.62243E+01 0.12588E-01 0.00000E+00
 0.90611E+01 0.83734E-03-0.00000E+00
 0.10729E+02 0.83245E-03-0.00000E+00
    40.000         3
 0.71186E+01 0.11819E-01 0.00000E+00
 0.96171E+01 0.80382E-03-0.00000E+00
 0.11223E+02 0.72568E-03-0.00000E+00
    45.000         3
 0.80128E+01 0.11180E-01 0.00000E+00
 0.10218E+02 0.85601E-03-0.00000E+00
 0.11752E+02 0.66863E-03-0.00000E+00
    50.000         3
 0.89075E+01 0.10632E-01 0.00000E+00
 0.10855E+02 0.98043E-03-0.00000E+00
 0.12313E+02 0.65922E-03-0.00000E+00
    55.000         3
 0.98029E+01 0.10199E-01 0.00000E+00
 0.11526E+02 0.11825E-02-0.00000E+00
 0.12905E+02 0.69683E-03-0.00000E+00
    60.000         3
 0.10699E+02 0.99088E-02 0.00000E+00
 0.12223E+02 0.14957E-02-0.00000E+00
 0.13521E+02 0.78293E-03-0.00000E+00
    65.000         3
 0.11594E+02 0.97802E-02 0.00000E+00
 0.12941E+02 0.20172E-02-0.00000E+00
 0.14157E+02 0.92748E-03-0.00000E+00
    70.000         3
 0.12488E+02 0.98249E-02 0.00000E+00
 0.13681E+02 0.29826E-02-0.00000E+00
 0.14808E+02 0.11592E-02-0.00000E+00
    75.000         3
 0.13378E+02 0.10003E-01 0.00000E+00
 0.14421E+02 0.46708E-02-0.00000E+00
 0.15466E+02 0.15262E-02-0.00000E+00
    80.000         3
 0.14244E+02 0.10203E-01 0.00000E+00
 0.15153E+02 0.65559E-02 0.36883E+00
 0.16085E+02 0.21621E-02-0.00000E+00
    85.000         3
 0.15107E+02 0.10234E-01 0.00000E+00
 0.15886E+02 0.80481E-02 0.96485E+00
 0.16709E+02 0.32365E-02-0.00000E+00
    90.000         4
 0.15969E+02 0.10064E-01 0.00000E+00
 0.16636E+02 0.85058E-02 0.14040E+01
 0.17343E+02 0.48465E-02-0.00000E+00
 0.17466E+02 0.40437E-02 0.15708E+01
    95.000         4
 0.16830E+02 0.97807E-02 0.00000E+00
 0.17400E+02 0.77712E-02 0.16874E+01
 0.17984E+02 0.62651E-02 0.54302E+00
 0.18066E+02 0.39229E-02 0.15708E+01
   100.000         4
 0.17698E+02 0.71070E-03 0.00000E+00
 0.18181E+02 0.68604E-02 0.19161E+01
 0.18633E+02 0.67577E-02 0.11269E+01
 0.18679E+02 0.37127E-02 0.15708E+01
   105.000         4
 0.18566E+02 0.93782E-03 0.00000E+00
 0.18978E+02 0.58971E-02 0.21036E+01
 0.19317E+02 0.63507E-02 0.14181E+01
 0.19304E+02 0.34087E-02 0.15708E+01
   110.000         4
 0.19445E+02 0.11987E-02 0.00000E+00
 0.19794E+02 0.52113E-02 0.22478E+01
 0.20004E+02 0.57559E-02 0.16303E+01
 0.19929E+02 0.31047E-02 0.15708E+01
   115.000         4
 0.20326E+02 0.14701E-02 0.00000E+00
 0.20615E+02 0.46636E-02 0.23810E+01
 0.20694E+02 0.52598E-02 0.17918E+01
 0.20565E+02 0.27046E-02 0.15708E+01
   120.000         4
 0.21209E+02 0.19333E-02 0.00000E+00
 0.21442E+02 0.42915E-02 0.25000E+01
 0.21390E+02 0.48744E-02 0.19277E+01
 0.21202E+02 0.22981E-02 0.15708E+01
   125.000         4
 0.22094E+02 0.30757E-02 0.00000E+00
 0.22272E+02 0.40041E-02 0.26097E+01
 0.22094E+02 0.45510E-02 0.20528E+01
 0.21838E+02 0.19168E-02 0.15708E+01
   130.000         4
 0.22974E+02 0.34052E-02 0.00000E+00
 0.23104E+02 0.37908E-02 0.27113E+01
 0.22799E+02 0.42541E-02 0.21654E+01
 0.22470E+02 0.15822E-02 0.15708E+01
   135.000         4
 0.23854E+02 0.37018E-02 0.00000E+00
 0.23944E+02 0.36710E-02 0.28027E+01
 0.23504E+02 0.39386E-02 0.22664E+01
 0.23102E+02 0.12477E-02 0.15708E+01
   140.000         4
 0.24733E+02 0.42726E-02 0.00000E+00
 0.24786E+02 0.35751E-02 0.28915E+01
 0.24212E+02 0.35759E-02 0.23600E+01
 0.23733E+02 0.10449E-02 0.15708E+01
   145.000         4
 0.25609E+02 0.42769E-02 0.00000E+00
 0.25634E+02 0.34707E-02 0.29753E+01
 0.24921E+02 0.32188E-02 0.24409E+01
 0.24363E+02 0.85884E-03 0.15708E+01
   150.000         3
 0.26484E+02 0.40813E-02 0.00000E+00
 0.25634E+02 0.28618E-02 0.25154E+01
 0.25011E+02 0.71390E-03 0.15708E+01
   155.000         3
 0.27378E+02 0.39965E-02 0.00000E+00
 0.26391E+02 0.25520E-02 0.25783E+01
 0.25680E+02 0.61986E-03 0.15708E+01
   160.000         2
 0.27141E+02 0.22768E-02 0.26371E+01
 0.26349E+02 0.52582E-03 0.15708E+01
   165.000         2
 0.27884E+02 0.20392E-02 0.26928E+01
 0.27009E+02 0.47116E-03 0.15708E+01
   170.000         2
 0.28618E+02 0.18534E-02 0.27450E+01
 0.27669E+02 0.41960E-03 0.15708E+01
   175.000         2
 0.29340E+02 0.17427E-02 0.27915E+01
 0.28314E+02 0.37343E-03 0.15708E+01
   180.000         2
 0.30039E+02 0.16584E-02 0.28353E+01
 0.28925E+02 0.33971E-03 0.15708E+01
   185.000         2
 0.30726E+02 0.15875E-02 0.28778E+01
 0.29537E+02 0.30600E-03 0.15708E+01
   190.000         2
 0.31415E+02 0.15261E-02 0.29209E+01
 0.30143E+02 0.27754E-03 0.15708E+01
   195.000         2
 0.32104E+02 0.14684E-02 0.29619E+01
 0.30747E+02 0.25056E-03 0.15708E+01
   200.000         2
 0.32798E+02 0.14115E-02 0.30009E+01
 0.31356E+02 0.22690E-03 0.15708E+01
   205.000         2
 0.33505E+02 0.13875E-02 0.30355E+01
 0.31968E+02 0.20591E-03 0.15708E+01
   210.000         2
 0.34217E+02 0.13782E-02 0.30685E+01
 0.32584E+02 0.18819E-03 0.15708E+01
   215.000         2
 0.34929E+02 0.13688E-02 0.31014E+01
 0.33203E+02 0.17448E-03 0.15708E+01
   220.000         1
 0.33822E+02 0.16079E-03 0.15708E+01
   225.000         1
 0.34452E+02 0.15031E-03 0.15708E+01
   230.000         1
 0.35082E+02 0.13983E-03 0.15708E+01
   235.000         1
 0.35713E+02 0.13060E-03 0.15708E+01
   240.000         1
 0.36346E+02 0.12253E-03 0.15708E+01
   245.000         1
 0.36978E+02 0.11461E-03 0.15708E+01
   250.000         1
 0.37592E+02 0.10834E-03 0.15708E+01
   255.000         1
 0.38207E+02 0.10207E-03 0.15708E+01
   260.000         1
 0.38813E+02 0.96352E-04 0.15708E+01
   265.000         1
 0.39414E+02 0.90884E-04 0.15708E+01
   270.000         1
 0.40017E+02 0.85737E-04 0.15708E+01
   275.000         1
 0.40624E+02 0.81182E-04 0.15708E+01
   280.000         1
 0.41230E+02 0.76627E-04 0.15708E+01
   285.000         1
 0.41842E+02 0.73781E-04 0.15708E+01
   290.000         1
 0.42454E+02 0.70977E-04 0.15708E+01
   295.000         0
   300.000        -1
     5.000         0
    10.000         1
 0.42485E+02 0.75197E-04 0.15708E+01
    15.000         1
 0.41889E+02 0.78315E-04 0.15708E+01
    20.000         1
 0.41295E+02 0.82013E-04 0.15708E+01
    25.000         1
 0.40704E+02 0.87161E-04 0.15708E+01
    30.000         1
 0.40113E+02 0.92378E-04 0.15708E+01
    35.000         1
 0.39528E+02 0.98987E-04 0.15708E+01
    40.000         1
 0.38944E+02 0.10560E-03 0.15708E+01
    45.000         1
 0.38360E+02 0.11340E-03 0.15708E+01
    50.000         1
 0.37776E+02 0.12141E-03 0.15708E+01
    55.000         1
 0.37197E+02 0.13024E-03 0.15708E+01
    60.000         1
 0.36620E+02 0.13950E-03 0.15708E+01
    65.000         2
 0.38000E+02 0.12034E-02 0.30870E+01
 0.36043E+02 0.14922E-03 0.15708E+01
    70.000         2
 0.37317E+02 0.12030E-02 0.30463E+01
 0.35467E+02 0.15941E-03 0.15708E+01
    75.000         2
 0.36619E+02 0.12119E-02 0.30063E+01
 0.34873E+02 0.17003E-03 0.15708E+01
    80.000         2
 0.35903E+02 0.12271E-02 0.29692E+01
 0.34236E+02 0.18181E-03 0.15708E+01
    85.000         2
 0.35170E+02 0.12471E-02 0.29346E+01
 0.33599E+02 0.19358E-03 0.15708E+01
    90.000         2
 0.34437E+02 0.12753E-02 0.28985E+01
 0.32959E+02 0.20988E-03 0.15708E+01
    95.000         2
 0.33703E+02 0.13155E-02 0.28602E+01
 0.32320E+02 0.22710E-03 0.15708E+01
   100.000         2
 0.32976E+02 0.13714E-02 0.28201E+01
 0.31690E+02 0.24965E-03 0.15708E+01
   105.000         2
 0.32265E+02 0.14631E-02 0.27756E+01
 0.31074E+02 0.27942E-03 0.15708E+01
   110.000         2
 0.31561E+02 0.15819E-02 0.27277E+01
 0.30456E+02 0.31306E-03 0.15708E+01
   115.000         2
 0.30858E+02 0.17244E-02 0.26780E+01
 0.29835E+02 0.35283E-03 0.15708E+01
   120.000         2
 0.30155E+02 0.19063E-02 0.26257E+01
 0.29214E+02 0.39449E-03 0.15708E+01
   125.000         2
 0.29449E+02 0.21200E-02 0.25694E+01
 0.28585E+02 0.45013E-03 0.15708E+01
   130.000         2
 0.28739E+02 0.23587E-02 0.25089E+01
 0.27956E+02 0.50576E-03 0.15708E+01
   135.000         2
 0.28024E+02 0.26212E-02 0.24441E+01
 0.27320E+02 0.58677E-03 0.15708E+01
   140.000         2
 0.27304E+02 0.29081E-02 0.23740E+01
 0.26680E+02 0.68493E-03 0.15708E+01
   145.000         2
 0.26575E+02 0.32272E-02 0.22964E+01
 0.26040E+02 0.79798E-03 0.15708E+01
   150.000         4
 0.26432E+02 0.52115E-02-0.00000E+00
 0.26447E+02 0.26764E-02 0.30960E+01
 0.25853E+02 0.35832E-02 0.22066E+01
 0.25408E+02 0.99345E-03 0.15708E+01
   155.000         4
 0.25573E+02 0.55531E-02-0.00000E+00
 0.25593E+02 0.27499E-02 0.30151E+01
 0.25153E+02 0.39521E-02 0.21026E+01
 0.24776E+02 0.11889E-02 0.15708E+01
   160.000         4
 0.24711E+02 0.54824E-02-0.00000E+00
 0.24746E+02 0.28498E-02 0.29301E+01
 0.24469E+02 0.42877E-02 0.19871E+01
 0.24165E+02 0.14987E-02 0.15708E+01
   165.000         4
 0.23846E+02 0.51301E-02-0.00000E+00
 0.23913E+02 0.30068E-02 0.28361E+01
 0.23788E+02 0.45956E-02 0.18523E+01
 0.23558E+02 0.18335E-02 0.15708E+01
   170.000         4
 0.22980E+02 0.48507E-02-0.00000E+00
 0.23080E+02 0.32055E-02 0.27380E+01
 0.23110E+02 0.48670E-02 0.17000E+01
 0.22942E+02 0.21705E-02 0.15708E+01
   175.000         4
 0.22113E+02 0.42595E-02-0.00000E+00
 0.22250E+02 0.34840E-02 0.26318E+01
 0.22431E+02 0.51061E-02 0.15248E+01
 0.22318E+02 0.25092E-02 0.15708E+01
   180.000         4
 0.21222E+02 0.36117E-02-0.00000E+00
 0.21416E+02 0.38291E-02 0.25208E+01
 0.21725E+02 0.52759E-02 0.13115E+01
 0.21689E+02 0.28207E-02 0.15708E+01
   185.000         4
 0.20330E+02 0.30573E-02-0.00000E+00
 0.20574E+02 0.42914E-02 0.24011E+01
 0.21021E+02 0.52450E-02 0.10408E+01
 0.21037E+02 0.29831E-02 0.15708E+01
   190.000         4
 0.19440E+02 0.24740E-02-0.00000E+00
 0.19737E+02 0.48246E-02 0.22699E+01
 0.20325E+02 0.48562E-02 0.58580E+00
 0.20384E+02 0.31455E-02 0.15708E+01
   195.000         4
 0.18551E+02 0.19808E-02-0.00000E+00
 0.18906E+02 0.54611E-02 0.21220E+01
 0.19635E+02 0.40449E-02 0.00000E+00
 0.19739E+02 0.32232E-02 0.15708E+01
   200.000         4
 0.17668E+02 0.16064E-02-0.00000E+00
 0.18089E+02 0.61859E-02 0.19383E+01
 0.18955E+02 0.30449E-02 0.00000E+00
 0.19098E+02 0.32544E-02 0.15708E+01
   205.000         4
 0.16793E+02 0.91289E-02-0.00000E+00
 0.16793E+02 0.11593E-02-0.00000E+00
 0.17283E+02 0.69792E-02 0.17269E+01
 0.18298E+02 0.21877E-02 0.00000E+00
   210.000         3
 0.15921E+02 0.93286E-02-0.00000E+00
 0.16497E+02 0.75578E-02 0.14176E+01
 0.17655E+02 0.16323E-02 0.00000E+00
   215.000         3
 0.15045E+02 0.96246E-02-0.00000E+00
 0.15720E+02 0.75780E-02 0.93134E+00
 0.17023E+02 0.12890E-02 0.00000E+00
   220.000         3
 0.14167E+02 0.99687E-02-0.00000E+00
 0.14954E+02 0.68541E-02 0.32810E+00
 0.16403E+02 0.10460E-02 0.00000E+00
   225.000         3
 0.13287E+02 0.10361E-01-0.00000E+00
 0.14203E+02 0.49483E-02 0.32075E-01
 0.15799E+02 0.87710E-03 0.00000E+00
   230.000         3
 0.12409E+02 0.10793E-01-0.00000E+00
 0.13476E+02 0.31322E-02 0.00000E+00
 0.15218E+02 0.75305E-03 0.00000E+00
   235.000         3
 0.11529E+02 0.11229E-01-0.00000E+00
 0.12767E+02 0.19689E-02 0.00000E+00
 0.14658E+02 0.67047E-03 0.00000E+00
   240.000         3
 0.10647E+02 0.11613E-01-0.00000E+00
 0.12078E+02 0.13774E-02 0.00000E+00
 0.14119E+02 0.61966E-03 0.00000E+00
   245.000         3
 0.97651E+01 0.11883E-01-0.00000E+00
 0.11413E+02 0.10443E-02 0.00000E+00
 0.13604E+02 0.60241E-03 0.00000E+00
   250.000         3
 0.88809E+01 0.12051E-01-0.00000E+00
 0.10772E+02 0.82609E-03 0.00000E+00
 0.13113E+02 0.61906E-03 0.00000E+00
   255.000         3
 0.79903E+01 0.12209E-01-0.00000E+00
 0.10144E+02 0.69052E-03 0.00000E+00
 0.12626E+02 0.66839E-03 0.00000E+00
   260.000         3
 0.70979E+01 0.12488E-01-0.00000E+00
 0.95451E+01 0.62377E-03 0.00000E+00
 0.12167E+02 0.75259E-03 0.00000E+00
   265.000         3
 0.62057E+01 0.13009E-01-0.00000E+00
 0.89903E+01 0.63177E-03 0.00000E+00
 0.11746E+02 0.87174E-03 0.00000E+00
   270.000         3
 0.53139E+01 0.13852E-01-0.00000E+00
 0.84853E+01 0.71029E-03 0.00000E+00
 0.11365E+02 0.10174E-02 0.00000E+00
   275.000         3
 0.44230E+01 0.15073E-01-0.00000E+00
 0.80351E+01 0.84771E-03 0.00000E+00
 0.11031E+02 0.11692E-02 0.00000E+00
   280.000         2
 0.35348E+01 0.16786E-01-0.00000E+00
 0.76675E+01 0.10337E-02 0.00000E+00
   285.000         2
 0.26480E+01 0.18953E-01-0.00000E+00
 0.73759E+01 0.12306E-02 0.00000E+00
   290.000         1
 0.17631E+01 0.21824E-01-0.00000E+00
   295.000         1
 0.88033E+00 0.25279E-01-0.00000E+00
