xmax =  300.00 km
number of layers =   5

boundary   slope change (degrees)       between (km)
   1             6.1807                50.000   100.000
   2             0.0000                 0.000     0.000
   3             0.0000                 0.000     0.000
   4             0.0000                 0.000     0.000
   5             0.0000                 0.000     0.000
   6             0.0000                 0.000     0.000

layer   vert vel grad (km/s/km)    position (km)
   1             0.0588             150.000
   2             0.0200               0.000
   3             0.0367             300.000
   4             0.0000               0.000
   5             0.0000               0.000

layer   upp/low lat vel grad (km/s/km)   between (km)
   1             0.0000                 0.000     0.000
   1             0.0000                 0.000     0.000
   2             0.0000                 0.000     0.000
   2             0.0000                 0.000     0.000
   3             0.0000                 0.000     0.000
   3             0.0000                 0.000     0.000
   4             0.0000                 0.000     0.000
   4             0.0000                 0.000     0.000
   5             0.0000                 0.000     0.000
   5             0.0000                 0.000     0.000
